2025-03-01 20:52:08,424 [Worker-5: Loading available Gradle versions] INFO  o.e.b.c.i.u.g.PublishedGradleVersions - Gradle version information cache is not available. Remote download required.
2025-03-01 20:52:51,106 [Worker-4: Loading available Gradle versions] INFO  o.e.b.c.i.u.g.PublishedGradleVersions - Gradle version information cache is up-to-date. Trying to read.
2025-03-10 15:14:33,900 [ModalContext] INFO  o.e.m.c.i.e.AbstractTransferListenerAdapter - Downloading https://repo.maven.apache.org/maven2/org/apache/maven/archetypes/maven-archetype-webapp/1.5/maven-archetype-webapp-1.5.pom
2025-03-10 15:14:33,942 [ModalContext] INFO  o.e.m.c.i.e.AbstractTransferListenerAdapter - Downloaded https://repo.maven.apache.org/maven2/org/apache/maven/archetypes/maven-archetype-webapp/1.5/maven-archetype-webapp-1.5.pom
2025-03-10 15:14:33,986 [ModalContext] INFO  o.e.m.c.i.e.AbstractTransferListenerAdapter - Downloading https://repo.maven.apache.org/maven2/org/apache/maven/archetypes/maven-archetype-bundles/1.5/maven-archetype-bundles-1.5.pom
2025-03-10 15:14:34,018 [ModalContext] INFO  o.e.m.c.i.e.AbstractTransferListenerAdapter - Downloaded https://repo.maven.apache.org/maven2/org/apache/maven/archetypes/maven-archetype-bundles/1.5/maven-archetype-bundles-1.5.pom
2025-03-10 15:14:34,135 [ModalContext] INFO  o.e.m.c.i.e.AbstractTransferListenerAdapter - Downloading https://repo.maven.apache.org/maven2/org/apache/maven/archetypes/maven-archetype-webapp/1.5/maven-archetype-webapp-1.5.jar
2025-03-10 15:14:34,318 [ModalContext] INFO  o.e.m.c.i.e.AbstractTransferListenerAdapter - Downloaded https://repo.maven.apache.org/maven2/org/apache/maven/archetypes/maven-archetype-webapp/1.5/maven-archetype-webapp-1.5.jar
2025-03-10 15:15:53,786 [Worker-32: Launching mavenrun-cd38a164-e89c-43a9-9ff4-807883a6cb2d] INFO  o.eclipse.m2e.core.internal.Bundles - getClasspathEntries(Bundle=org.eclipse.m2e.maven.runtime_3.9.900.20240824-1409 [641])
2025-03-10 15:15:53,789 [Worker-32: Launching mavenrun-cd38a164-e89c-43a9-9ff4-807883a6cb2d] INFO  o.eclipse.m2e.core.internal.Bundles - 	Entry: E:\eclipse\plugins\org.eclipse.m2e.maven.runtime_3.9.900.20240824-1409
2025-03-10 15:15:53,789 [Worker-32: Launching mavenrun-cd38a164-e89c-43a9-9ff4-807883a6cb2d] INFO  o.eclipse.m2e.core.internal.Bundles - 	Entry: E:\eclipse\plugins\org.eclipse.m2e.maven.runtime_3.9.900.20240824-1409\jars\aopalliance-1.0.jar
2025-03-10 15:15:53,790 [Worker-32: Launching mavenrun-cd38a164-e89c-43a9-9ff4-807883a6cb2d] INFO  o.eclipse.m2e.core.internal.Bundles - 	Entry: E:\eclipse\plugins\org.eclipse.m2e.maven.runtime_3.9.900.20240824-1409\jars\guice-5.1.0.jar
2025-03-10 15:15:53,790 [Worker-32: Launching mavenrun-cd38a164-e89c-43a9-9ff4-807883a6cb2d] INFO  o.eclipse.m2e.core.internal.Bundles - 	Entry: E:\eclipse\plugins\org.eclipse.m2e.maven.runtime_3.9.900.20240824-1409\jars\httpclient-4.5.14.jar
2025-03-10 15:15:53,790 [Worker-32: Launching mavenrun-cd38a164-e89c-43a9-9ff4-807883a6cb2d] INFO  o.eclipse.m2e.core.internal.Bundles - 	Entry: E:\eclipse\plugins\org.eclipse.m2e.maven.runtime_3.9.900.20240824-1409\jars\httpcore-4.4.16.jar
2025-03-10 15:15:53,790 [Worker-32: Launching mavenrun-cd38a164-e89c-43a9-9ff4-807883a6cb2d] INFO  o.eclipse.m2e.core.internal.Bundles - 	Entry: E:\eclipse\plugins\org.eclipse.m2e.maven.runtime_3.9.900.20240824-1409\jars\jansi-2.4.1.jar
2025-03-10 15:15:53,790 [Worker-32: Launching mavenrun-cd38a164-e89c-43a9-9ff4-807883a6cb2d] INFO  o.eclipse.m2e.core.internal.Bundles - 	Entry: E:\eclipse\plugins\org.eclipse.m2e.maven.runtime_3.9.900.20240824-1409\jars\jcl-over-slf4j-1.7.36.jar
2025-03-10 15:15:53,790 [Worker-32: Launching mavenrun-cd38a164-e89c-43a9-9ff4-807883a6cb2d] INFO  o.eclipse.m2e.core.internal.Bundles - 	Entry: E:\eclipse\plugins\org.eclipse.m2e.maven.runtime_3.9.900.20240824-1409\jars\maven-artifact-3.9.9.jar
2025-03-10 15:15:53,790 [Worker-32: Launching mavenrun-cd38a164-e89c-43a9-9ff4-807883a6cb2d] INFO  o.eclipse.m2e.core.internal.Bundles - 	Entry: E:\eclipse\plugins\org.eclipse.m2e.maven.runtime_3.9.900.20240824-1409\jars\maven-builder-support-3.9.9.jar
2025-03-10 15:15:53,790 [Worker-32: Launching mavenrun-cd38a164-e89c-43a9-9ff4-807883a6cb2d] INFO  o.eclipse.m2e.core.internal.Bundles - 	Entry: E:\eclipse\plugins\org.eclipse.m2e.maven.runtime_3.9.900.20240824-1409\jars\maven-compat-3.9.9.jar
2025-03-10 15:15:53,790 [Worker-32: Launching mavenrun-cd38a164-e89c-43a9-9ff4-807883a6cb2d] INFO  o.eclipse.m2e.core.internal.Bundles - 	Entry: E:\eclipse\plugins\org.eclipse.m2e.maven.runtime_3.9.900.20240824-1409\jars\maven-core-3.9.9.jar
2025-03-10 15:15:53,791 [Worker-32: Launching mavenrun-cd38a164-e89c-43a9-9ff4-807883a6cb2d] INFO  o.eclipse.m2e.core.internal.Bundles - 	Entry: E:\eclipse\plugins\org.eclipse.m2e.maven.runtime_3.9.900.20240824-1409\jars\maven-embedder-3.9.9.jar
2025-03-10 15:15:53,791 [Worker-32: Launching mavenrun-cd38a164-e89c-43a9-9ff4-807883a6cb2d] INFO  o.eclipse.m2e.core.internal.Bundles - 	Entry: E:\eclipse\plugins\org.eclipse.m2e.maven.runtime_3.9.900.20240824-1409\jars\maven-model-3.9.9.jar
2025-03-10 15:15:53,791 [Worker-32: Launching mavenrun-cd38a164-e89c-43a9-9ff4-807883a6cb2d] INFO  o.eclipse.m2e.core.internal.Bundles - 	Entry: E:\eclipse\plugins\org.eclipse.m2e.maven.runtime_3.9.900.20240824-1409\jars\maven-model-builder-3.9.9.jar
2025-03-10 15:15:53,791 [Worker-32: Launching mavenrun-cd38a164-e89c-43a9-9ff4-807883a6cb2d] INFO  o.eclipse.m2e.core.internal.Bundles - 	Entry: E:\eclipse\plugins\org.eclipse.m2e.maven.runtime_3.9.900.20240824-1409\jars\maven-plugin-api-3.9.9.jar
2025-03-10 15:15:53,791 [Worker-32: Launching mavenrun-cd38a164-e89c-43a9-9ff4-807883a6cb2d] INFO  o.eclipse.m2e.core.internal.Bundles - 	Entry: E:\eclipse\plugins\org.eclipse.m2e.maven.runtime_3.9.900.20240824-1409\jars\maven-repository-metadata-3.9.9.jar
2025-03-10 15:15:53,791 [Worker-32: Launching mavenrun-cd38a164-e89c-43a9-9ff4-807883a6cb2d] INFO  o.eclipse.m2e.core.internal.Bundles - 	Entry: E:\eclipse\plugins\org.eclipse.m2e.maven.runtime_3.9.900.20240824-1409\jars\maven-resolver-api-1.9.22.jar
2025-03-10 15:15:53,791 [Worker-32: Launching mavenrun-cd38a164-e89c-43a9-9ff4-807883a6cb2d] INFO  o.eclipse.m2e.core.internal.Bundles - 	Entry: E:\eclipse\plugins\org.eclipse.m2e.maven.runtime_3.9.900.20240824-1409\jars\maven-resolver-connector-basic-1.9.22.jar
2025-03-10 15:15:53,791 [Worker-32: Launching mavenrun-cd38a164-e89c-43a9-9ff4-807883a6cb2d] INFO  o.eclipse.m2e.core.internal.Bundles - 	Entry: E:\eclipse\plugins\org.eclipse.m2e.maven.runtime_3.9.900.20240824-1409\jars\maven-resolver-impl-1.9.22.jar
2025-03-10 15:15:53,792 [Worker-32: Launching mavenrun-cd38a164-e89c-43a9-9ff4-807883a6cb2d] INFO  o.eclipse.m2e.core.internal.Bundles - 	Entry: E:\eclipse\plugins\org.eclipse.m2e.maven.runtime_3.9.900.20240824-1409\jars\maven-resolver-named-locks-1.9.22.jar
2025-03-10 15:15:53,792 [Worker-32: Launching mavenrun-cd38a164-e89c-43a9-9ff4-807883a6cb2d] INFO  o.eclipse.m2e.core.internal.Bundles - 	Entry: E:\eclipse\plugins\org.eclipse.m2e.maven.runtime_3.9.900.20240824-1409\jars\maven-resolver-provider-3.9.9.jar
2025-03-10 15:15:53,792 [Worker-32: Launching mavenrun-cd38a164-e89c-43a9-9ff4-807883a6cb2d] INFO  o.eclipse.m2e.core.internal.Bundles - 	Entry: E:\eclipse\plugins\org.eclipse.m2e.maven.runtime_3.9.900.20240824-1409\jars\maven-resolver-spi-1.9.22.jar
2025-03-10 15:15:53,792 [Worker-32: Launching mavenrun-cd38a164-e89c-43a9-9ff4-807883a6cb2d] INFO  o.eclipse.m2e.core.internal.Bundles - 	Entry: E:\eclipse\plugins\org.eclipse.m2e.maven.runtime_3.9.900.20240824-1409\jars\maven-resolver-transport-file-1.9.22.jar
2025-03-10 15:15:53,792 [Worker-32: Launching mavenrun-cd38a164-e89c-43a9-9ff4-807883a6cb2d] INFO  o.eclipse.m2e.core.internal.Bundles - 	Entry: E:\eclipse\plugins\org.eclipse.m2e.maven.runtime_3.9.900.20240824-1409\jars\maven-resolver-transport-http-1.9.22.jar
2025-03-10 15:15:53,792 [Worker-32: Launching mavenrun-cd38a164-e89c-43a9-9ff4-807883a6cb2d] INFO  o.eclipse.m2e.core.internal.Bundles - 	Entry: E:\eclipse\plugins\org.eclipse.m2e.maven.runtime_3.9.900.20240824-1409\jars\maven-resolver-transport-wagon-1.9.22.jar
2025-03-10 15:15:53,792 [Worker-32: Launching mavenrun-cd38a164-e89c-43a9-9ff4-807883a6cb2d] INFO  o.eclipse.m2e.core.internal.Bundles - 	Entry: E:\eclipse\plugins\org.eclipse.m2e.maven.runtime_3.9.900.20240824-1409\jars\maven-resolver-util-1.9.22.jar
2025-03-10 15:15:53,792 [Worker-32: Launching mavenrun-cd38a164-e89c-43a9-9ff4-807883a6cb2d] INFO  o.eclipse.m2e.core.internal.Bundles - 	Entry: E:\eclipse\plugins\org.eclipse.m2e.maven.runtime_3.9.900.20240824-1409\jars\maven-settings-3.9.9.jar
2025-03-10 15:15:53,793 [Worker-32: Launching mavenrun-cd38a164-e89c-43a9-9ff4-807883a6cb2d] INFO  o.eclipse.m2e.core.internal.Bundles - 	Entry: E:\eclipse\plugins\org.eclipse.m2e.maven.runtime_3.9.900.20240824-1409\jars\maven-settings-builder-3.9.9.jar
2025-03-10 15:15:53,793 [Worker-32: Launching mavenrun-cd38a164-e89c-43a9-9ff4-807883a6cb2d] INFO  o.eclipse.m2e.core.internal.Bundles - 	Entry: E:\eclipse\plugins\org.eclipse.m2e.maven.runtime_3.9.900.20240824-1409\jars\maven-shared-utils-3.4.2.jar
2025-03-10 15:15:53,793 [Worker-32: Launching mavenrun-cd38a164-e89c-43a9-9ff4-807883a6cb2d] INFO  o.eclipse.m2e.core.internal.Bundles - 	Entry: E:\eclipse\plugins\org.eclipse.m2e.maven.runtime_3.9.900.20240824-1409\jars\org.eclipse.sisu.inject-0.9.0.M3.jar
2025-03-10 15:15:53,793 [Worker-32: Launching mavenrun-cd38a164-e89c-43a9-9ff4-807883a6cb2d] INFO  o.eclipse.m2e.core.internal.Bundles - 	Entry: E:\eclipse\plugins\org.eclipse.m2e.maven.runtime_3.9.900.20240824-1409\jars\org.eclipse.sisu.plexus-0.9.0.M3.jar
2025-03-10 15:15:53,793 [Worker-32: Launching mavenrun-cd38a164-e89c-43a9-9ff4-807883a6cb2d] INFO  o.eclipse.m2e.core.internal.Bundles - 	Entry: E:\eclipse\plugins\org.eclipse.m2e.maven.runtime_3.9.900.20240824-1409\jars\plexus-build-api-0.0.7.jar
2025-03-10 15:15:53,793 [Worker-32: Launching mavenrun-cd38a164-e89c-43a9-9ff4-807883a6cb2d] INFO  o.eclipse.m2e.core.internal.Bundles - 	Entry: E:\eclipse\plugins\org.eclipse.m2e.maven.runtime_3.9.900.20240824-1409\jars\plexus-build-api-1.2.0.jar
2025-03-10 15:15:53,794 [Worker-32: Launching mavenrun-cd38a164-e89c-43a9-9ff4-807883a6cb2d] INFO  o.eclipse.m2e.core.internal.Bundles - 	Entry: E:\eclipse\plugins\org.eclipse.m2e.maven.runtime_3.9.900.20240824-1409\jars\plexus-cipher-2.0.jar
2025-03-10 15:15:53,794 [Worker-32: Launching mavenrun-cd38a164-e89c-43a9-9ff4-807883a6cb2d] INFO  o.eclipse.m2e.core.internal.Bundles - 	Entry: E:\eclipse\plugins\org.eclipse.m2e.maven.runtime_3.9.900.20240824-1409\jars\plexus-classworlds-2.8.0.jar
2025-03-10 15:15:53,794 [Worker-32: Launching mavenrun-cd38a164-e89c-43a9-9ff4-807883a6cb2d] INFO  o.eclipse.m2e.core.internal.Bundles - 	Entry: E:\eclipse\plugins\org.eclipse.m2e.maven.runtime_3.9.900.20240824-1409\jars\plexus-component-annotations-2.1.0.jar
2025-03-10 15:15:53,794 [Worker-32: Launching mavenrun-cd38a164-e89c-43a9-9ff4-807883a6cb2d] INFO  o.eclipse.m2e.core.internal.Bundles - 	Entry: E:\eclipse\plugins\org.eclipse.m2e.maven.runtime_3.9.900.20240824-1409\jars\plexus-interpolation-1.27.jar
2025-03-10 15:15:53,794 [Worker-32: Launching mavenrun-cd38a164-e89c-43a9-9ff4-807883a6cb2d] INFO  o.eclipse.m2e.core.internal.Bundles - 	Entry: E:\eclipse\plugins\org.eclipse.m2e.maven.runtime_3.9.900.20240824-1409\jars\plexus-sec-dispatcher-2.0.jar
2025-03-10 15:15:53,794 [Worker-32: Launching mavenrun-cd38a164-e89c-43a9-9ff4-807883a6cb2d] INFO  o.eclipse.m2e.core.internal.Bundles - 	Entry: E:\eclipse\plugins\org.eclipse.m2e.maven.runtime_3.9.900.20240824-1409\jars\plexus-utils-3.5.1.jar
2025-03-10 15:15:53,794 [Worker-32: Launching mavenrun-cd38a164-e89c-43a9-9ff4-807883a6cb2d] INFO  o.eclipse.m2e.core.internal.Bundles - 	Entry: E:\eclipse\plugins\org.eclipse.m2e.maven.runtime_3.9.900.20240824-1409\jars\plexus-xml-3.0.1.jar
2025-03-10 15:15:53,795 [Worker-32: Launching mavenrun-cd38a164-e89c-43a9-9ff4-807883a6cb2d] INFO  o.eclipse.m2e.core.internal.Bundles - 	Entry: E:\eclipse\plugins\org.eclipse.m2e.maven.runtime_3.9.900.20240824-1409\jars\wagon-file-3.5.3.jar
2025-03-10 15:15:53,795 [Worker-32: Launching mavenrun-cd38a164-e89c-43a9-9ff4-807883a6cb2d] INFO  o.eclipse.m2e.core.internal.Bundles - 	Entry: E:\eclipse\plugins\org.eclipse.m2e.maven.runtime_3.9.900.20240824-1409\jars\wagon-http-3.5.3.jar
2025-03-10 15:15:53,795 [Worker-32: Launching mavenrun-cd38a164-e89c-43a9-9ff4-807883a6cb2d] INFO  o.eclipse.m2e.core.internal.Bundles - 	Entry: E:\eclipse\plugins\org.eclipse.m2e.maven.runtime_3.9.900.20240824-1409\jars\wagon-http-shared-3.5.3.jar
2025-03-10 15:15:53,795 [Worker-32: Launching mavenrun-cd38a164-e89c-43a9-9ff4-807883a6cb2d] INFO  o.eclipse.m2e.core.internal.Bundles - 	Entry: E:\eclipse\plugins\org.eclipse.m2e.maven.runtime_3.9.900.20240824-1409\jars\wagon-provider-api-3.5.3.jar
2025-03-10 15:15:53,798 [Worker-32: Launching mavenrun-cd38a164-e89c-43a9-9ff4-807883a6cb2d] INFO  o.eclipse.m2e.core.internal.Bundles - getClasspathEntries(Bundle=com.google.guava_33.3.1.jre [16])
2025-03-10 15:15:53,798 [Worker-32: Launching mavenrun-cd38a164-e89c-43a9-9ff4-807883a6cb2d] INFO  o.eclipse.m2e.core.internal.Bundles - 	Entry: E:\eclipse\plugins\com.google.guava_33.3.1.jre.jar
2025-03-10 15:15:53,798 [Worker-32: Launching mavenrun-cd38a164-e89c-43a9-9ff4-807883a6cb2d] INFO  o.eclipse.m2e.core.internal.Bundles - getClasspathEntries(Bundle=slf4j.api_2.0.16 [1008])
2025-03-10 15:15:53,799 [Worker-32: Launching mavenrun-cd38a164-e89c-43a9-9ff4-807883a6cb2d] INFO  o.eclipse.m2e.core.internal.Bundles - 	Entry: E:\eclipse\plugins\slf4j.api_2.0.16.jar
2025-03-10 15:15:53,799 [Worker-32: Launching mavenrun-cd38a164-e89c-43a9-9ff4-807883a6cb2d] INFO  o.eclipse.m2e.core.internal.Bundles - getClasspathEntries(Bundle=jakarta.inject.jakarta.inject-api_1.0.5 [34])
2025-03-10 15:15:53,800 [Worker-32: Launching mavenrun-cd38a164-e89c-43a9-9ff4-807883a6cb2d] INFO  o.eclipse.m2e.core.internal.Bundles - 	Entry: E:\eclipse\plugins\jakarta.inject.jakarta.inject-api_1.0.5.jar
2025-03-10 15:15:53,800 [Worker-32: Launching mavenrun-cd38a164-e89c-43a9-9ff4-807883a6cb2d] INFO  o.eclipse.m2e.core.internal.Bundles - getClasspathEntries(Bundle=jakarta.annotation-api_1.3.5 [29])
2025-03-10 15:15:53,800 [Worker-32: Launching mavenrun-cd38a164-e89c-43a9-9ff4-807883a6cb2d] INFO  o.eclipse.m2e.core.internal.Bundles - 	Entry: E:\eclipse\plugins\jakarta.annotation-api_1.3.5.jar
2025-03-10 15:15:53,801 [Worker-32: Launching mavenrun-cd38a164-e89c-43a9-9ff4-807883a6cb2d] INFO  o.eclipse.m2e.core.internal.Bundles - getClasspathEntries(Bundle=org.apache.commons.cli_1.9.0 [75])
2025-03-10 15:15:53,801 [Worker-32: Launching mavenrun-cd38a164-e89c-43a9-9ff4-807883a6cb2d] INFO  o.eclipse.m2e.core.internal.Bundles - 	Entry: E:\eclipse\plugins\org.apache.commons.cli_1.9.0.jar
2025-03-10 15:15:53,801 [Worker-32: Launching mavenrun-cd38a164-e89c-43a9-9ff4-807883a6cb2d] INFO  o.eclipse.m2e.core.internal.Bundles - getClasspathEntries(Bundle=org.apache.commons.commons-codec_1.16.0 [78])
2025-03-10 15:15:53,801 [Worker-32: Launching mavenrun-cd38a164-e89c-43a9-9ff4-807883a6cb2d] INFO  o.eclipse.m2e.core.internal.Bundles - 	Entry: E:\eclipse\plugins\org.apache.commons.commons-codec_1.16.0.jar
2025-03-10 15:15:53,802 [Worker-32: Launching mavenrun-cd38a164-e89c-43a9-9ff4-807883a6cb2d] INFO  o.eclipse.m2e.core.internal.Bundles - getClasspathEntries(Bundle=com.google.guava.failureaccess_1.0.2 [17])
2025-03-10 15:15:53,802 [Worker-32: Launching mavenrun-cd38a164-e89c-43a9-9ff4-807883a6cb2d] INFO  o.eclipse.m2e.core.internal.Bundles - 	Entry: E:\eclipse\plugins\com.google.guava.failureaccess_1.0.2.jar
2025-03-10 15:15:53,811 [Worker-32: Launching mavenrun-cd38a164-e89c-43a9-9ff4-807883a6cb2d] INFO  o.e.m.i.launch.MavenLaunchDelegate - Run build in "C:\Users\jenas\AppData\Local\Temp\m2e-archetypeGenerator4693824456836278841":
2025-03-10 15:15:53,820 [Worker-32: Launching mavenrun-cd38a164-e89c-43a9-9ff4-807883a6cb2d] INFO  o.e.m.i.launch.MavenLaunchDelegate -  mvn  -DarchetypeGroupId=org.apache.maven.archetypes -DarchetypeArtifactId=maven-archetype-webapp -DarchetypeVersion=1.5 -DgroupId=jspDemo1 -DartifactId=com.demo -Dversion=0.0.1-SNAPSHOT -Dpackage=jspDemo1.com.demo -DoutputDirectory=E:\Projects\JDBC -Dstyle.color=always -U archetype:generate
2025-03-10 15:15:57,572 [Worker-35: Loading available Gradle versions] INFO  o.e.b.c.i.u.g.PublishedGradleVersions - Gradle version information cache is out-of-date. Trying to update.
2025-03-10 15:22:52,231 [Worker-37: Update Maven projects configuration] INFO  o.e.m.c.i.p.ProjectConfigurationManager - Update started
2025-03-10 15:22:53,722 [Worker-37: Update Maven projects configuration] INFO  o.e.m.c.i.l.LifecycleMappingFactory - Using org.maven.ide.eclipse.wtp.WarLifecycleMapping lifecycle mapping for MavenProject: com.JSPdemo:Demojsp:1.0-SNAPSHOT @ E:\Projects\SERVLET\Demojsp\pom.xml.
2025-03-10 15:23:53,695 [Worker-4: Building] INFO  o.e.m.c.i.l.LifecycleMappingFactory - Using org.maven.ide.eclipse.wtp.WarLifecycleMapping lifecycle mapping for MavenProject: com.JSPdemo:Demojsp:1.0-SNAPSHOT @ E:\Projects\JDBC\Demojsp\pom.xml.
2025-03-10 15:23:56,733 [Worker-4: Building] INFO  o.e.m.c.i.e.AbstractTransferListenerAdapter - Downloading https://repo.maven.apache.org/maven2/org/codehaus/plexus/plexus-archiver/4.7.1/plexus-archiver-4.7.1.jar
2025-03-10 15:23:56,909 [Worker-4: Building] INFO  o.e.m.c.i.e.AbstractTransferListenerAdapter - Downloaded https://repo.maven.apache.org/maven2/org/codehaus/plexus/plexus-archiver/4.7.1/plexus-archiver-4.7.1.jar
2025-03-10 15:23:56,930 [BasicRepositoryConnector-repo.maven.apache.org-0-1] INFO  o.e.m.c.i.e.AbstractTransferListenerAdapter - Downloading https://repo.maven.apache.org/maven2/com/github/luben/zstd-jni/1.5.5-2/zstd-jni-1.5.5-2.jar
2025-03-10 15:23:56,983 [BasicRepositoryConnector-repo.maven.apache.org-0-0] INFO  o.e.m.c.i.e.AbstractTransferListenerAdapter - Downloading https://repo.maven.apache.org/maven2/org/apache/commons/commons-compress/1.23.0/commons-compress-1.23.0.jar
2025-03-10 15:23:57,525 [BasicRepositoryConnector-repo.maven.apache.org-0-0] INFO  o.e.m.c.i.e.AbstractTransferListenerAdapter - Downloaded https://repo.maven.apache.org/maven2/org/apache/commons/commons-compress/1.23.0/commons-compress-1.23.0.jar
2025-03-10 15:23:57,676 [BasicRepositoryConnector-repo.maven.apache.org-0-1] INFO  o.e.m.c.i.e.AbstractTransferListenerAdapter - Downloaded https://repo.maven.apache.org/maven2/com/github/luben/zstd-jni/1.5.5-2/zstd-jni-1.5.5-2.jar
2025-03-10 15:23:59,406 [Worker-4: Building] WARN  o.a.m.s.f.DefaultMavenResourcesFiltering - Using platform encoding (UTF-8 actually) to copy filtered resources, i.e. build is platform dependent!
2025-03-10 15:23:59,413 [Worker-4: Building] INFO  o.a.m.s.f.DefaultMavenResourcesFiltering - Copying 0 resource from src\main\resources to target\classes
2025-03-10 15:23:59,419 [Worker-4: Building] WARN  o.a.m.s.f.DefaultMavenResourcesFiltering - Using platform encoding (UTF-8 actually) to copy filtered resources, i.e. build is platform dependent!
2025-03-10 15:23:59,420 [Worker-4: Building] INFO  o.a.m.s.f.DefaultMavenResourcesFiltering - skip non existing resourceDirectory E:\Projects\JDBC\Demojsp\src\test\resources
2025-03-10 15:24:00,334 [Worker-25: Download sources and javadoc] INFO  o.e.m.c.i.e.AbstractTransferListenerAdapter - Downloading https://repo.maven.apache.org/maven2/junit/junit/3.8.1/junit-3.8.1-sources.jar
2025-03-10 15:24:00,416 [Worker-21: Updating Maven Dependencies] INFO  o.e.m.c.i.l.LifecycleMappingFactory - Using org.eclipse.m2e.jdt.JarLifecycleMapping lifecycle mapping for MavenProject: org.EmpManagement:EmployeeManagement:1.0-SNAPSHOT @ E:\Projects\JDBC\EmployeeManagement\pom.xml.
2025-03-10 15:24:00,416 [Worker-2: Building] INFO  o.e.m.c.i.l.LifecycleMappingFactory - Using org.eclipse.m2e.jdt.JarLifecycleMapping lifecycle mapping for MavenProject: org.EmpManagement:EmployeeManagement:1.0-SNAPSHOT @ E:\Projects\JDBC\EmployeeManagement\pom.xml.
2025-03-10 15:24:00,443 [Worker-25: Download sources and javadoc] INFO  o.e.m.c.i.e.AbstractTransferListenerAdapter - Downloaded https://repo.maven.apache.org/maven2/junit/junit/3.8.1/junit-3.8.1-sources.jar
2025-03-10 15:24:00,455 [Worker-25: Download sources and javadoc] INFO  o.e.m.j.internal.DownloadSourcesJob - Downloaded sources for junit:junit:3.8.1
2025-03-10 15:24:00,535 [Worker-25: Download sources and javadoc] INFO  o.e.m.c.i.e.AbstractTransferListenerAdapter - Downloading https://repo.maven.apache.org/maven2/jakarta/servlet/jakarta.servlet-api/6.0.0/jakarta.servlet-api-6.0.0-sources.jar
2025-03-10 15:24:00,716 [Worker-25: Download sources and javadoc] INFO  o.e.m.c.i.e.AbstractTransferListenerAdapter - Downloaded https://repo.maven.apache.org/maven2/jakarta/servlet/jakarta.servlet-api/6.0.0/jakarta.servlet-api-6.0.0-sources.jar
2025-03-10 15:24:00,725 [Worker-25: Download sources and javadoc] INFO  o.e.m.j.internal.DownloadSourcesJob - Downloaded sources for jakarta.servlet:jakarta.servlet-api:6.0.0
2025-03-10 15:24:01,665 [Worker-2: Building] INFO  o.a.m.s.f.DefaultMavenResourcesFiltering - Copying 0 resource from src\main\resources to target\classes
2025-03-10 15:24:01,669 [Worker-2: Building] INFO  o.a.m.s.f.DefaultMavenResourcesFiltering - skip non existing resourceDirectory E:\Projects\JDBC\EmployeeManagement\src\test\resources
2025-03-10 15:24:01,895 [Worker-25: Building] INFO  o.e.m.c.i.l.LifecycleMappingFactory - Using org.maven.ide.eclipse.wtp.WarLifecycleMapping lifecycle mapping for MavenProject: com.JSPdemo:Demojsp:1.0-SNAPSHOT @ E:\Projects\SERVLET\Demojsp\pom.xml.
2025-03-10 15:24:02,535 [Worker-25: Building] WARN  o.a.m.s.f.DefaultMavenResourcesFiltering - Using platform encoding (UTF-8 actually) to copy filtered resources, i.e. build is platform dependent!
2025-03-10 15:24:02,538 [Worker-25: Building] INFO  o.a.m.s.f.DefaultMavenResourcesFiltering - Copying 0 resource from src\main\resources to target\classes
2025-03-10 15:24:02,541 [Worker-25: Building] WARN  o.a.m.s.f.DefaultMavenResourcesFiltering - Using platform encoding (UTF-8 actually) to copy filtered resources, i.e. build is platform dependent!
2025-03-10 15:24:02,542 [Worker-25: Building] INFO  o.a.m.s.f.DefaultMavenResourcesFiltering - skip non existing resourceDirectory E:\Projects\SERVLET\Demojsp\src\test\resources
2025-03-10 15:24:02,879 [Worker-26: Updating Maven Dependencies] INFO  o.e.m.c.i.l.LifecycleMappingFactory - Using org.eclipse.m2e.jdt.JarLifecycleMapping lifecycle mapping for MavenProject: org.EmpManagement:EmployeeManagement:1.0-SNAPSHOT @ E:\Projects\JDBC\EmployeeManagement\pom.xml.
2025-03-10 15:24:02,938 [Worker-26: Updating Maven Dependencies] INFO  o.e.m.c.i.l.LifecycleMappingFactory - Using org.maven.ide.eclipse.wtp.WarLifecycleMapping lifecycle mapping for MavenProject: com.JSPdemo:Demojsp:1.0-SNAPSHOT @ E:\Projects\JDBC\Demojsp\pom.xml.
2025-03-10 15:24:02,992 [Worker-26: Updating Maven Dependencies] INFO  o.e.m.c.i.l.LifecycleMappingFactory - Using org.maven.ide.eclipse.wtp.WarLifecycleMapping lifecycle mapping for MavenProject: com.JSPdemo:Demojsp:1.0-SNAPSHOT @ E:\Projects\SERVLET\Demojsp\pom.xml.
