2025-03-10 15:26:17,145 [Worker-4: Loading available Gradle versions] INFO  o.e.b.c.i.u.g.PublishedGradleVersions - Gradle version information cache is not available. Remote download required.
2025-03-10 15:27:41,975 [Worker-4: Launching mavenrun-296847b4-fa69-42a4-969a-a9a4f730f4dd] INFO  o.eclipse.m2e.core.internal.Bundles - getClasspathEntries(Bundle=org.eclipse.m2e.maven.runtime_3.9.900.20240824-1409 [641])
2025-03-10 15:27:41,979 [Worker-4: Launching mavenrun-296847b4-fa69-42a4-969a-a9a4f730f4dd] INFO  o.eclipse.m2e.core.internal.Bundles - 	Entry: E:\eclipse\plugins\org.eclipse.m2e.maven.runtime_3.9.900.20240824-1409
2025-03-10 15:27:41,980 [Worker-4: Launching mavenrun-296847b4-fa69-42a4-969a-a9a4f730f4dd] INFO  o.eclipse.m2e.core.internal.Bundles - 	Entry: E:\eclipse\plugins\org.eclipse.m2e.maven.runtime_3.9.900.20240824-1409\jars\aopalliance-1.0.jar
2025-03-10 15:27:41,981 [Worker-4: Launching mavenrun-296847b4-fa69-42a4-969a-a9a4f730f4dd] INFO  o.eclipse.m2e.core.internal.Bundles - 	Entry: E:\eclipse\plugins\org.eclipse.m2e.maven.runtime_3.9.900.20240824-1409\jars\guice-5.1.0.jar
2025-03-10 15:27:41,981 [Worker-4: Launching mavenrun-296847b4-fa69-42a4-969a-a9a4f730f4dd] INFO  o.eclipse.m2e.core.internal.Bundles - 	Entry: E:\eclipse\plugins\org.eclipse.m2e.maven.runtime_3.9.900.20240824-1409\jars\httpclient-4.5.14.jar
2025-03-10 15:27:41,981 [Worker-4: Launching mavenrun-296847b4-fa69-42a4-969a-a9a4f730f4dd] INFO  o.eclipse.m2e.core.internal.Bundles - 	Entry: E:\eclipse\plugins\org.eclipse.m2e.maven.runtime_3.9.900.20240824-1409\jars\httpcore-4.4.16.jar
2025-03-10 15:27:41,981 [Worker-4: Launching mavenrun-296847b4-fa69-42a4-969a-a9a4f730f4dd] INFO  o.eclipse.m2e.core.internal.Bundles - 	Entry: E:\eclipse\plugins\org.eclipse.m2e.maven.runtime_3.9.900.20240824-1409\jars\jansi-2.4.1.jar
2025-03-10 15:27:41,982 [Worker-4: Launching mavenrun-296847b4-fa69-42a4-969a-a9a4f730f4dd] INFO  o.eclipse.m2e.core.internal.Bundles - 	Entry: E:\eclipse\plugins\org.eclipse.m2e.maven.runtime_3.9.900.20240824-1409\jars\jcl-over-slf4j-1.7.36.jar
2025-03-10 15:27:41,982 [Worker-4: Launching mavenrun-296847b4-fa69-42a4-969a-a9a4f730f4dd] INFO  o.eclipse.m2e.core.internal.Bundles - 	Entry: E:\eclipse\plugins\org.eclipse.m2e.maven.runtime_3.9.900.20240824-1409\jars\maven-artifact-3.9.9.jar
2025-03-10 15:27:41,982 [Worker-4: Launching mavenrun-296847b4-fa69-42a4-969a-a9a4f730f4dd] INFO  o.eclipse.m2e.core.internal.Bundles - 	Entry: E:\eclipse\plugins\org.eclipse.m2e.maven.runtime_3.9.900.20240824-1409\jars\maven-builder-support-3.9.9.jar
2025-03-10 15:27:41,982 [Worker-4: Launching mavenrun-296847b4-fa69-42a4-969a-a9a4f730f4dd] INFO  o.eclipse.m2e.core.internal.Bundles - 	Entry: E:\eclipse\plugins\org.eclipse.m2e.maven.runtime_3.9.900.20240824-1409\jars\maven-compat-3.9.9.jar
2025-03-10 15:27:41,982 [Worker-4: Launching mavenrun-296847b4-fa69-42a4-969a-a9a4f730f4dd] INFO  o.eclipse.m2e.core.internal.Bundles - 	Entry: E:\eclipse\plugins\org.eclipse.m2e.maven.runtime_3.9.900.20240824-1409\jars\maven-core-3.9.9.jar
2025-03-10 15:27:41,982 [Worker-4: Launching mavenrun-296847b4-fa69-42a4-969a-a9a4f730f4dd] INFO  o.eclipse.m2e.core.internal.Bundles - 	Entry: E:\eclipse\plugins\org.eclipse.m2e.maven.runtime_3.9.900.20240824-1409\jars\maven-embedder-3.9.9.jar
2025-03-10 15:27:41,982 [Worker-4: Launching mavenrun-296847b4-fa69-42a4-969a-a9a4f730f4dd] INFO  o.eclipse.m2e.core.internal.Bundles - 	Entry: E:\eclipse\plugins\org.eclipse.m2e.maven.runtime_3.9.900.20240824-1409\jars\maven-model-3.9.9.jar
2025-03-10 15:27:41,982 [Worker-4: Launching mavenrun-296847b4-fa69-42a4-969a-a9a4f730f4dd] INFO  o.eclipse.m2e.core.internal.Bundles - 	Entry: E:\eclipse\plugins\org.eclipse.m2e.maven.runtime_3.9.900.20240824-1409\jars\maven-model-builder-3.9.9.jar
2025-03-10 15:27:41,983 [Worker-4: Launching mavenrun-296847b4-fa69-42a4-969a-a9a4f730f4dd] INFO  o.eclipse.m2e.core.internal.Bundles - 	Entry: E:\eclipse\plugins\org.eclipse.m2e.maven.runtime_3.9.900.20240824-1409\jars\maven-plugin-api-3.9.9.jar
2025-03-10 15:27:41,983 [Worker-4: Launching mavenrun-296847b4-fa69-42a4-969a-a9a4f730f4dd] INFO  o.eclipse.m2e.core.internal.Bundles - 	Entry: E:\eclipse\plugins\org.eclipse.m2e.maven.runtime_3.9.900.20240824-1409\jars\maven-repository-metadata-3.9.9.jar
2025-03-10 15:27:41,983 [Worker-4: Launching mavenrun-296847b4-fa69-42a4-969a-a9a4f730f4dd] INFO  o.eclipse.m2e.core.internal.Bundles - 	Entry: E:\eclipse\plugins\org.eclipse.m2e.maven.runtime_3.9.900.20240824-1409\jars\maven-resolver-api-1.9.22.jar
2025-03-10 15:27:41,983 [Worker-4: Launching mavenrun-296847b4-fa69-42a4-969a-a9a4f730f4dd] INFO  o.eclipse.m2e.core.internal.Bundles - 	Entry: E:\eclipse\plugins\org.eclipse.m2e.maven.runtime_3.9.900.20240824-1409\jars\maven-resolver-connector-basic-1.9.22.jar
2025-03-10 15:27:41,983 [Worker-4: Launching mavenrun-296847b4-fa69-42a4-969a-a9a4f730f4dd] INFO  o.eclipse.m2e.core.internal.Bundles - 	Entry: E:\eclipse\plugins\org.eclipse.m2e.maven.runtime_3.9.900.20240824-1409\jars\maven-resolver-impl-1.9.22.jar
2025-03-10 15:27:41,983 [Worker-4: Launching mavenrun-296847b4-fa69-42a4-969a-a9a4f730f4dd] INFO  o.eclipse.m2e.core.internal.Bundles - 	Entry: E:\eclipse\plugins\org.eclipse.m2e.maven.runtime_3.9.900.20240824-1409\jars\maven-resolver-named-locks-1.9.22.jar
2025-03-10 15:27:41,983 [Worker-4: Launching mavenrun-296847b4-fa69-42a4-969a-a9a4f730f4dd] INFO  o.eclipse.m2e.core.internal.Bundles - 	Entry: E:\eclipse\plugins\org.eclipse.m2e.maven.runtime_3.9.900.20240824-1409\jars\maven-resolver-provider-3.9.9.jar
2025-03-10 15:27:41,983 [Worker-4: Launching mavenrun-296847b4-fa69-42a4-969a-a9a4f730f4dd] INFO  o.eclipse.m2e.core.internal.Bundles - 	Entry: E:\eclipse\plugins\org.eclipse.m2e.maven.runtime_3.9.900.20240824-1409\jars\maven-resolver-spi-1.9.22.jar
2025-03-10 15:27:41,983 [Worker-4: Launching mavenrun-296847b4-fa69-42a4-969a-a9a4f730f4dd] INFO  o.eclipse.m2e.core.internal.Bundles - 	Entry: E:\eclipse\plugins\org.eclipse.m2e.maven.runtime_3.9.900.20240824-1409\jars\maven-resolver-transport-file-1.9.22.jar
2025-03-10 15:27:41,983 [Worker-4: Launching mavenrun-296847b4-fa69-42a4-969a-a9a4f730f4dd] INFO  o.eclipse.m2e.core.internal.Bundles - 	Entry: E:\eclipse\plugins\org.eclipse.m2e.maven.runtime_3.9.900.20240824-1409\jars\maven-resolver-transport-http-1.9.22.jar
2025-03-10 15:27:41,984 [Worker-4: Launching mavenrun-296847b4-fa69-42a4-969a-a9a4f730f4dd] INFO  o.eclipse.m2e.core.internal.Bundles - 	Entry: E:\eclipse\plugins\org.eclipse.m2e.maven.runtime_3.9.900.20240824-1409\jars\maven-resolver-transport-wagon-1.9.22.jar
2025-03-10 15:27:41,984 [Worker-4: Launching mavenrun-296847b4-fa69-42a4-969a-a9a4f730f4dd] INFO  o.eclipse.m2e.core.internal.Bundles - 	Entry: E:\eclipse\plugins\org.eclipse.m2e.maven.runtime_3.9.900.20240824-1409\jars\maven-resolver-util-1.9.22.jar
2025-03-10 15:27:41,984 [Worker-4: Launching mavenrun-296847b4-fa69-42a4-969a-a9a4f730f4dd] INFO  o.eclipse.m2e.core.internal.Bundles - 	Entry: E:\eclipse\plugins\org.eclipse.m2e.maven.runtime_3.9.900.20240824-1409\jars\maven-settings-3.9.9.jar
2025-03-10 15:27:41,984 [Worker-4: Launching mavenrun-296847b4-fa69-42a4-969a-a9a4f730f4dd] INFO  o.eclipse.m2e.core.internal.Bundles - 	Entry: E:\eclipse\plugins\org.eclipse.m2e.maven.runtime_3.9.900.20240824-1409\jars\maven-settings-builder-3.9.9.jar
2025-03-10 15:27:41,984 [Worker-4: Launching mavenrun-296847b4-fa69-42a4-969a-a9a4f730f4dd] INFO  o.eclipse.m2e.core.internal.Bundles - 	Entry: E:\eclipse\plugins\org.eclipse.m2e.maven.runtime_3.9.900.20240824-1409\jars\maven-shared-utils-3.4.2.jar
2025-03-10 15:27:41,985 [Worker-4: Launching mavenrun-296847b4-fa69-42a4-969a-a9a4f730f4dd] INFO  o.eclipse.m2e.core.internal.Bundles - 	Entry: E:\eclipse\plugins\org.eclipse.m2e.maven.runtime_3.9.900.20240824-1409\jars\org.eclipse.sisu.inject-0.9.0.M3.jar
2025-03-10 15:27:41,985 [Worker-4: Launching mavenrun-296847b4-fa69-42a4-969a-a9a4f730f4dd] INFO  o.eclipse.m2e.core.internal.Bundles - 	Entry: E:\eclipse\plugins\org.eclipse.m2e.maven.runtime_3.9.900.20240824-1409\jars\org.eclipse.sisu.plexus-0.9.0.M3.jar
2025-03-10 15:27:41,985 [Worker-4: Launching mavenrun-296847b4-fa69-42a4-969a-a9a4f730f4dd] INFO  o.eclipse.m2e.core.internal.Bundles - 	Entry: E:\eclipse\plugins\org.eclipse.m2e.maven.runtime_3.9.900.20240824-1409\jars\plexus-build-api-0.0.7.jar
2025-03-10 15:27:41,985 [Worker-4: Launching mavenrun-296847b4-fa69-42a4-969a-a9a4f730f4dd] INFO  o.eclipse.m2e.core.internal.Bundles - 	Entry: E:\eclipse\plugins\org.eclipse.m2e.maven.runtime_3.9.900.20240824-1409\jars\plexus-build-api-1.2.0.jar
2025-03-10 15:27:41,985 [Worker-4: Launching mavenrun-296847b4-fa69-42a4-969a-a9a4f730f4dd] INFO  o.eclipse.m2e.core.internal.Bundles - 	Entry: E:\eclipse\plugins\org.eclipse.m2e.maven.runtime_3.9.900.20240824-1409\jars\plexus-cipher-2.0.jar
2025-03-10 15:27:41,986 [Worker-4: Launching mavenrun-296847b4-fa69-42a4-969a-a9a4f730f4dd] INFO  o.eclipse.m2e.core.internal.Bundles - 	Entry: E:\eclipse\plugins\org.eclipse.m2e.maven.runtime_3.9.900.20240824-1409\jars\plexus-classworlds-2.8.0.jar
2025-03-10 15:27:41,986 [Worker-4: Launching mavenrun-296847b4-fa69-42a4-969a-a9a4f730f4dd] INFO  o.eclipse.m2e.core.internal.Bundles - 	Entry: E:\eclipse\plugins\org.eclipse.m2e.maven.runtime_3.9.900.20240824-1409\jars\plexus-component-annotations-2.1.0.jar
2025-03-10 15:27:41,986 [Worker-4: Launching mavenrun-296847b4-fa69-42a4-969a-a9a4f730f4dd] INFO  o.eclipse.m2e.core.internal.Bundles - 	Entry: E:\eclipse\plugins\org.eclipse.m2e.maven.runtime_3.9.900.20240824-1409\jars\plexus-interpolation-1.27.jar
2025-03-10 15:27:41,986 [Worker-4: Launching mavenrun-296847b4-fa69-42a4-969a-a9a4f730f4dd] INFO  o.eclipse.m2e.core.internal.Bundles - 	Entry: E:\eclipse\plugins\org.eclipse.m2e.maven.runtime_3.9.900.20240824-1409\jars\plexus-sec-dispatcher-2.0.jar
2025-03-10 15:27:41,986 [Worker-4: Launching mavenrun-296847b4-fa69-42a4-969a-a9a4f730f4dd] INFO  o.eclipse.m2e.core.internal.Bundles - 	Entry: E:\eclipse\plugins\org.eclipse.m2e.maven.runtime_3.9.900.20240824-1409\jars\plexus-utils-3.5.1.jar
2025-03-10 15:27:41,986 [Worker-4: Launching mavenrun-296847b4-fa69-42a4-969a-a9a4f730f4dd] INFO  o.eclipse.m2e.core.internal.Bundles - 	Entry: E:\eclipse\plugins\org.eclipse.m2e.maven.runtime_3.9.900.20240824-1409\jars\plexus-xml-3.0.1.jar
2025-03-10 15:27:41,986 [Worker-4: Launching mavenrun-296847b4-fa69-42a4-969a-a9a4f730f4dd] INFO  o.eclipse.m2e.core.internal.Bundles - 	Entry: E:\eclipse\plugins\org.eclipse.m2e.maven.runtime_3.9.900.20240824-1409\jars\wagon-file-3.5.3.jar
2025-03-10 15:27:41,987 [Worker-4: Launching mavenrun-296847b4-fa69-42a4-969a-a9a4f730f4dd] INFO  o.eclipse.m2e.core.internal.Bundles - 	Entry: E:\eclipse\plugins\org.eclipse.m2e.maven.runtime_3.9.900.20240824-1409\jars\wagon-http-3.5.3.jar
2025-03-10 15:27:41,987 [Worker-4: Launching mavenrun-296847b4-fa69-42a4-969a-a9a4f730f4dd] INFO  o.eclipse.m2e.core.internal.Bundles - 	Entry: E:\eclipse\plugins\org.eclipse.m2e.maven.runtime_3.9.900.20240824-1409\jars\wagon-http-shared-3.5.3.jar
2025-03-10 15:27:41,987 [Worker-4: Launching mavenrun-296847b4-fa69-42a4-969a-a9a4f730f4dd] INFO  o.eclipse.m2e.core.internal.Bundles - 	Entry: E:\eclipse\plugins\org.eclipse.m2e.maven.runtime_3.9.900.20240824-1409\jars\wagon-provider-api-3.5.3.jar
2025-03-10 15:27:41,990 [Worker-4: Launching mavenrun-296847b4-fa69-42a4-969a-a9a4f730f4dd] INFO  o.eclipse.m2e.core.internal.Bundles - getClasspathEntries(Bundle=com.google.guava_33.3.1.jre [16])
2025-03-10 15:27:41,990 [Worker-4: Launching mavenrun-296847b4-fa69-42a4-969a-a9a4f730f4dd] INFO  o.eclipse.m2e.core.internal.Bundles - 	Entry: E:\eclipse\plugins\com.google.guava_33.3.1.jre.jar
2025-03-10 15:27:41,990 [Worker-4: Launching mavenrun-296847b4-fa69-42a4-969a-a9a4f730f4dd] INFO  o.eclipse.m2e.core.internal.Bundles - getClasspathEntries(Bundle=slf4j.api_2.0.16 [1008])
2025-03-10 15:27:41,991 [Worker-4: Launching mavenrun-296847b4-fa69-42a4-969a-a9a4f730f4dd] INFO  o.eclipse.m2e.core.internal.Bundles - 	Entry: E:\eclipse\plugins\slf4j.api_2.0.16.jar
2025-03-10 15:27:41,991 [Worker-4: Launching mavenrun-296847b4-fa69-42a4-969a-a9a4f730f4dd] INFO  o.eclipse.m2e.core.internal.Bundles - getClasspathEntries(Bundle=jakarta.inject.jakarta.inject-api_1.0.5 [34])
2025-03-10 15:27:41,991 [Worker-4: Launching mavenrun-296847b4-fa69-42a4-969a-a9a4f730f4dd] INFO  o.eclipse.m2e.core.internal.Bundles - 	Entry: E:\eclipse\plugins\jakarta.inject.jakarta.inject-api_1.0.5.jar
2025-03-10 15:27:41,992 [Worker-4: Launching mavenrun-296847b4-fa69-42a4-969a-a9a4f730f4dd] INFO  o.eclipse.m2e.core.internal.Bundles - getClasspathEntries(Bundle=jakarta.annotation-api_1.3.5 [29])
2025-03-10 15:27:41,992 [Worker-4: Launching mavenrun-296847b4-fa69-42a4-969a-a9a4f730f4dd] INFO  o.eclipse.m2e.core.internal.Bundles - 	Entry: E:\eclipse\plugins\jakarta.annotation-api_1.3.5.jar
2025-03-10 15:27:41,992 [Worker-4: Launching mavenrun-296847b4-fa69-42a4-969a-a9a4f730f4dd] INFO  o.eclipse.m2e.core.internal.Bundles - getClasspathEntries(Bundle=org.apache.commons.cli_1.9.0 [75])
2025-03-10 15:27:41,993 [Worker-4: Launching mavenrun-296847b4-fa69-42a4-969a-a9a4f730f4dd] INFO  o.eclipse.m2e.core.internal.Bundles - 	Entry: E:\eclipse\plugins\org.apache.commons.cli_1.9.0.jar
2025-03-10 15:27:41,993 [Worker-4: Launching mavenrun-296847b4-fa69-42a4-969a-a9a4f730f4dd] INFO  o.eclipse.m2e.core.internal.Bundles - getClasspathEntries(Bundle=org.apache.commons.commons-codec_1.16.0 [78])
2025-03-10 15:27:41,993 [Worker-4: Launching mavenrun-296847b4-fa69-42a4-969a-a9a4f730f4dd] INFO  o.eclipse.m2e.core.internal.Bundles - 	Entry: E:\eclipse\plugins\org.apache.commons.commons-codec_1.16.0.jar
2025-03-10 15:27:41,993 [Worker-4: Launching mavenrun-296847b4-fa69-42a4-969a-a9a4f730f4dd] INFO  o.eclipse.m2e.core.internal.Bundles - getClasspathEntries(Bundle=com.google.guava.failureaccess_1.0.2 [17])
2025-03-10 15:27:41,994 [Worker-4: Launching mavenrun-296847b4-fa69-42a4-969a-a9a4f730f4dd] INFO  o.eclipse.m2e.core.internal.Bundles - 	Entry: E:\eclipse\plugins\com.google.guava.failureaccess_1.0.2.jar
2025-03-10 15:27:42,004 [Worker-4: Launching mavenrun-296847b4-fa69-42a4-969a-a9a4f730f4dd] INFO  o.e.m.i.launch.MavenLaunchDelegate - Run build in "C:\Users\jenas\AppData\Local\Temp\m2e-archetypeGenerator2796476584783185532":
2025-03-10 15:27:42,010 [Worker-4: Launching mavenrun-296847b4-fa69-42a4-969a-a9a4f730f4dd] INFO  o.e.m.i.launch.MavenLaunchDelegate -  mvn  -DarchetypeGroupId=org.apache.maven.archetypes -DarchetypeArtifactId=maven-archetype-webapp -DarchetypeVersion=1.5 -DgroupId=demojsp -DartifactId=com.demoapp -Dversion=0.0.1-SNAPSHOT -Dpackage=demojsp.com.demoapp -DoutputDirectory=E:\Projects\SERVLET -Dstyle.color=always -U archetype:generate
2025-03-10 15:31:15,609 [ModalContext] INFO  o.e.m.c.i.e.AbstractTransferListenerAdapter - Downloading https://repo.maven.apache.org/maven2/org/apache/maven/archetypes/maven-archetype-bundles/2/maven-archetype-bundles-2.pom
2025-03-10 15:31:15,643 [ModalContext] INFO  o.e.m.c.i.e.AbstractTransferListenerAdapter - Downloaded https://repo.maven.apache.org/maven2/org/apache/maven/archetypes/maven-archetype-bundles/2/maven-archetype-bundles-2.pom
2025-03-10 15:31:15,681 [ModalContext] INFO  o.e.m.c.i.e.AbstractTransferListenerAdapter - Downloading https://repo.maven.apache.org/maven2/org/apache/maven/archetype/maven-archetype-parent/1/maven-archetype-parent-1.pom
2025-03-10 15:31:15,705 [ModalContext] INFO  o.e.m.c.i.e.AbstractTransferListenerAdapter - Downloaded https://repo.maven.apache.org/maven2/org/apache/maven/archetype/maven-archetype-parent/1/maven-archetype-parent-1.pom
2025-03-10 15:31:15,740 [ModalContext] INFO  o.e.m.c.i.e.AbstractTransferListenerAdapter - Downloading https://repo.maven.apache.org/maven2/org/apache/maven/maven-parent/4/maven-parent-4.pom
2025-03-10 15:31:15,772 [ModalContext] INFO  o.e.m.c.i.e.AbstractTransferListenerAdapter - Downloaded https://repo.maven.apache.org/maven2/org/apache/maven/maven-parent/4/maven-parent-4.pom
2025-03-10 15:33:50,103 [Worker-4: Launching mavenrun-0cea5831-3aca-4a3e-8995-3ebcbbb0e07b] INFO  o.eclipse.m2e.core.internal.Bundles - getClasspathEntries(Bundle=org.eclipse.m2e.maven.runtime_3.9.900.20240824-1409 [641])
2025-03-10 15:33:50,104 [Worker-4: Launching mavenrun-0cea5831-3aca-4a3e-8995-3ebcbbb0e07b] INFO  o.eclipse.m2e.core.internal.Bundles - 	Entry: E:\eclipse\plugins\org.eclipse.m2e.maven.runtime_3.9.900.20240824-1409
2025-03-10 15:33:50,104 [Worker-4: Launching mavenrun-0cea5831-3aca-4a3e-8995-3ebcbbb0e07b] INFO  o.eclipse.m2e.core.internal.Bundles - 	Entry: E:\eclipse\plugins\org.eclipse.m2e.maven.runtime_3.9.900.20240824-1409\jars\aopalliance-1.0.jar
2025-03-10 15:33:50,104 [Worker-4: Launching mavenrun-0cea5831-3aca-4a3e-8995-3ebcbbb0e07b] INFO  o.eclipse.m2e.core.internal.Bundles - 	Entry: E:\eclipse\plugins\org.eclipse.m2e.maven.runtime_3.9.900.20240824-1409\jars\guice-5.1.0.jar
2025-03-10 15:33:50,104 [Worker-4: Launching mavenrun-0cea5831-3aca-4a3e-8995-3ebcbbb0e07b] INFO  o.eclipse.m2e.core.internal.Bundles - 	Entry: E:\eclipse\plugins\org.eclipse.m2e.maven.runtime_3.9.900.20240824-1409\jars\httpclient-4.5.14.jar
2025-03-10 15:33:50,104 [Worker-4: Launching mavenrun-0cea5831-3aca-4a3e-8995-3ebcbbb0e07b] INFO  o.eclipse.m2e.core.internal.Bundles - 	Entry: E:\eclipse\plugins\org.eclipse.m2e.maven.runtime_3.9.900.20240824-1409\jars\httpcore-4.4.16.jar
2025-03-10 15:33:50,104 [Worker-4: Launching mavenrun-0cea5831-3aca-4a3e-8995-3ebcbbb0e07b] INFO  o.eclipse.m2e.core.internal.Bundles - 	Entry: E:\eclipse\plugins\org.eclipse.m2e.maven.runtime_3.9.900.20240824-1409\jars\jansi-2.4.1.jar
2025-03-10 15:33:50,104 [Worker-4: Launching mavenrun-0cea5831-3aca-4a3e-8995-3ebcbbb0e07b] INFO  o.eclipse.m2e.core.internal.Bundles - 	Entry: E:\eclipse\plugins\org.eclipse.m2e.maven.runtime_3.9.900.20240824-1409\jars\jcl-over-slf4j-1.7.36.jar
2025-03-10 15:33:50,104 [Worker-4: Launching mavenrun-0cea5831-3aca-4a3e-8995-3ebcbbb0e07b] INFO  o.eclipse.m2e.core.internal.Bundles - 	Entry: E:\eclipse\plugins\org.eclipse.m2e.maven.runtime_3.9.900.20240824-1409\jars\maven-artifact-3.9.9.jar
2025-03-10 15:33:50,104 [Worker-4: Launching mavenrun-0cea5831-3aca-4a3e-8995-3ebcbbb0e07b] INFO  o.eclipse.m2e.core.internal.Bundles - 	Entry: E:\eclipse\plugins\org.eclipse.m2e.maven.runtime_3.9.900.20240824-1409\jars\maven-builder-support-3.9.9.jar
2025-03-10 15:33:50,104 [Worker-4: Launching mavenrun-0cea5831-3aca-4a3e-8995-3ebcbbb0e07b] INFO  o.eclipse.m2e.core.internal.Bundles - 	Entry: E:\eclipse\plugins\org.eclipse.m2e.maven.runtime_3.9.900.20240824-1409\jars\maven-compat-3.9.9.jar
2025-03-10 15:33:50,105 [Worker-4: Launching mavenrun-0cea5831-3aca-4a3e-8995-3ebcbbb0e07b] INFO  o.eclipse.m2e.core.internal.Bundles - 	Entry: E:\eclipse\plugins\org.eclipse.m2e.maven.runtime_3.9.900.20240824-1409\jars\maven-core-3.9.9.jar
2025-03-10 15:33:50,105 [Worker-4: Launching mavenrun-0cea5831-3aca-4a3e-8995-3ebcbbb0e07b] INFO  o.eclipse.m2e.core.internal.Bundles - 	Entry: E:\eclipse\plugins\org.eclipse.m2e.maven.runtime_3.9.900.20240824-1409\jars\maven-embedder-3.9.9.jar
2025-03-10 15:33:50,105 [Worker-4: Launching mavenrun-0cea5831-3aca-4a3e-8995-3ebcbbb0e07b] INFO  o.eclipse.m2e.core.internal.Bundles - 	Entry: E:\eclipse\plugins\org.eclipse.m2e.maven.runtime_3.9.900.20240824-1409\jars\maven-model-3.9.9.jar
2025-03-10 15:33:50,105 [Worker-4: Launching mavenrun-0cea5831-3aca-4a3e-8995-3ebcbbb0e07b] INFO  o.eclipse.m2e.core.internal.Bundles - 	Entry: E:\eclipse\plugins\org.eclipse.m2e.maven.runtime_3.9.900.20240824-1409\jars\maven-model-builder-3.9.9.jar
2025-03-10 15:33:50,105 [Worker-4: Launching mavenrun-0cea5831-3aca-4a3e-8995-3ebcbbb0e07b] INFO  o.eclipse.m2e.core.internal.Bundles - 	Entry: E:\eclipse\plugins\org.eclipse.m2e.maven.runtime_3.9.900.20240824-1409\jars\maven-plugin-api-3.9.9.jar
2025-03-10 15:33:50,105 [Worker-4: Launching mavenrun-0cea5831-3aca-4a3e-8995-3ebcbbb0e07b] INFO  o.eclipse.m2e.core.internal.Bundles - 	Entry: E:\eclipse\plugins\org.eclipse.m2e.maven.runtime_3.9.900.20240824-1409\jars\maven-repository-metadata-3.9.9.jar
2025-03-10 15:33:50,105 [Worker-4: Launching mavenrun-0cea5831-3aca-4a3e-8995-3ebcbbb0e07b] INFO  o.eclipse.m2e.core.internal.Bundles - 	Entry: E:\eclipse\plugins\org.eclipse.m2e.maven.runtime_3.9.900.20240824-1409\jars\maven-resolver-api-1.9.22.jar
2025-03-10 15:33:50,105 [Worker-4: Launching mavenrun-0cea5831-3aca-4a3e-8995-3ebcbbb0e07b] INFO  o.eclipse.m2e.core.internal.Bundles - 	Entry: E:\eclipse\plugins\org.eclipse.m2e.maven.runtime_3.9.900.20240824-1409\jars\maven-resolver-connector-basic-1.9.22.jar
2025-03-10 15:33:50,105 [Worker-4: Launching mavenrun-0cea5831-3aca-4a3e-8995-3ebcbbb0e07b] INFO  o.eclipse.m2e.core.internal.Bundles - 	Entry: E:\eclipse\plugins\org.eclipse.m2e.maven.runtime_3.9.900.20240824-1409\jars\maven-resolver-impl-1.9.22.jar
2025-03-10 15:33:50,105 [Worker-4: Launching mavenrun-0cea5831-3aca-4a3e-8995-3ebcbbb0e07b] INFO  o.eclipse.m2e.core.internal.Bundles - 	Entry: E:\eclipse\plugins\org.eclipse.m2e.maven.runtime_3.9.900.20240824-1409\jars\maven-resolver-named-locks-1.9.22.jar
2025-03-10 15:33:50,105 [Worker-4: Launching mavenrun-0cea5831-3aca-4a3e-8995-3ebcbbb0e07b] INFO  o.eclipse.m2e.core.internal.Bundles - 	Entry: E:\eclipse\plugins\org.eclipse.m2e.maven.runtime_3.9.900.20240824-1409\jars\maven-resolver-provider-3.9.9.jar
2025-03-10 15:33:50,105 [Worker-4: Launching mavenrun-0cea5831-3aca-4a3e-8995-3ebcbbb0e07b] INFO  o.eclipse.m2e.core.internal.Bundles - 	Entry: E:\eclipse\plugins\org.eclipse.m2e.maven.runtime_3.9.900.20240824-1409\jars\maven-resolver-spi-1.9.22.jar
2025-03-10 15:33:50,105 [Worker-4: Launching mavenrun-0cea5831-3aca-4a3e-8995-3ebcbbb0e07b] INFO  o.eclipse.m2e.core.internal.Bundles - 	Entry: E:\eclipse\plugins\org.eclipse.m2e.maven.runtime_3.9.900.20240824-1409\jars\maven-resolver-transport-file-1.9.22.jar
2025-03-10 15:33:50,106 [Worker-4: Launching mavenrun-0cea5831-3aca-4a3e-8995-3ebcbbb0e07b] INFO  o.eclipse.m2e.core.internal.Bundles - 	Entry: E:\eclipse\plugins\org.eclipse.m2e.maven.runtime_3.9.900.20240824-1409\jars\maven-resolver-transport-http-1.9.22.jar
2025-03-10 15:33:50,106 [Worker-4: Launching mavenrun-0cea5831-3aca-4a3e-8995-3ebcbbb0e07b] INFO  o.eclipse.m2e.core.internal.Bundles - 	Entry: E:\eclipse\plugins\org.eclipse.m2e.maven.runtime_3.9.900.20240824-1409\jars\maven-resolver-transport-wagon-1.9.22.jar
2025-03-10 15:33:50,106 [Worker-4: Launching mavenrun-0cea5831-3aca-4a3e-8995-3ebcbbb0e07b] INFO  o.eclipse.m2e.core.internal.Bundles - 	Entry: E:\eclipse\plugins\org.eclipse.m2e.maven.runtime_3.9.900.20240824-1409\jars\maven-resolver-util-1.9.22.jar
2025-03-10 15:33:50,106 [Worker-4: Launching mavenrun-0cea5831-3aca-4a3e-8995-3ebcbbb0e07b] INFO  o.eclipse.m2e.core.internal.Bundles - 	Entry: E:\eclipse\plugins\org.eclipse.m2e.maven.runtime_3.9.900.20240824-1409\jars\maven-settings-3.9.9.jar
2025-03-10 15:33:50,106 [Worker-4: Launching mavenrun-0cea5831-3aca-4a3e-8995-3ebcbbb0e07b] INFO  o.eclipse.m2e.core.internal.Bundles - 	Entry: E:\eclipse\plugins\org.eclipse.m2e.maven.runtime_3.9.900.20240824-1409\jars\maven-settings-builder-3.9.9.jar
2025-03-10 15:33:50,106 [Worker-4: Launching mavenrun-0cea5831-3aca-4a3e-8995-3ebcbbb0e07b] INFO  o.eclipse.m2e.core.internal.Bundles - 	Entry: E:\eclipse\plugins\org.eclipse.m2e.maven.runtime_3.9.900.20240824-1409\jars\maven-shared-utils-3.4.2.jar
2025-03-10 15:33:50,106 [Worker-4: Launching mavenrun-0cea5831-3aca-4a3e-8995-3ebcbbb0e07b] INFO  o.eclipse.m2e.core.internal.Bundles - 	Entry: E:\eclipse\plugins\org.eclipse.m2e.maven.runtime_3.9.900.20240824-1409\jars\org.eclipse.sisu.inject-0.9.0.M3.jar
2025-03-10 15:33:50,106 [Worker-4: Launching mavenrun-0cea5831-3aca-4a3e-8995-3ebcbbb0e07b] INFO  o.eclipse.m2e.core.internal.Bundles - 	Entry: E:\eclipse\plugins\org.eclipse.m2e.maven.runtime_3.9.900.20240824-1409\jars\org.eclipse.sisu.plexus-0.9.0.M3.jar
2025-03-10 15:33:50,106 [Worker-4: Launching mavenrun-0cea5831-3aca-4a3e-8995-3ebcbbb0e07b] INFO  o.eclipse.m2e.core.internal.Bundles - 	Entry: E:\eclipse\plugins\org.eclipse.m2e.maven.runtime_3.9.900.20240824-1409\jars\plexus-build-api-0.0.7.jar
2025-03-10 15:33:50,106 [Worker-4: Launching mavenrun-0cea5831-3aca-4a3e-8995-3ebcbbb0e07b] INFO  o.eclipse.m2e.core.internal.Bundles - 	Entry: E:\eclipse\plugins\org.eclipse.m2e.maven.runtime_3.9.900.20240824-1409\jars\plexus-build-api-1.2.0.jar
2025-03-10 15:33:50,106 [Worker-4: Launching mavenrun-0cea5831-3aca-4a3e-8995-3ebcbbb0e07b] INFO  o.eclipse.m2e.core.internal.Bundles - 	Entry: E:\eclipse\plugins\org.eclipse.m2e.maven.runtime_3.9.900.20240824-1409\jars\plexus-cipher-2.0.jar
2025-03-10 15:33:50,106 [Worker-4: Launching mavenrun-0cea5831-3aca-4a3e-8995-3ebcbbb0e07b] INFO  o.eclipse.m2e.core.internal.Bundles - 	Entry: E:\eclipse\plugins\org.eclipse.m2e.maven.runtime_3.9.900.20240824-1409\jars\plexus-classworlds-2.8.0.jar
2025-03-10 15:33:50,106 [Worker-4: Launching mavenrun-0cea5831-3aca-4a3e-8995-3ebcbbb0e07b] INFO  o.eclipse.m2e.core.internal.Bundles - 	Entry: E:\eclipse\plugins\org.eclipse.m2e.maven.runtime_3.9.900.20240824-1409\jars\plexus-component-annotations-2.1.0.jar
2025-03-10 15:33:50,107 [Worker-4: Launching mavenrun-0cea5831-3aca-4a3e-8995-3ebcbbb0e07b] INFO  o.eclipse.m2e.core.internal.Bundles - 	Entry: E:\eclipse\plugins\org.eclipse.m2e.maven.runtime_3.9.900.20240824-1409\jars\plexus-interpolation-1.27.jar
2025-03-10 15:33:50,107 [Worker-4: Launching mavenrun-0cea5831-3aca-4a3e-8995-3ebcbbb0e07b] INFO  o.eclipse.m2e.core.internal.Bundles - 	Entry: E:\eclipse\plugins\org.eclipse.m2e.maven.runtime_3.9.900.20240824-1409\jars\plexus-sec-dispatcher-2.0.jar
2025-03-10 15:33:50,107 [Worker-4: Launching mavenrun-0cea5831-3aca-4a3e-8995-3ebcbbb0e07b] INFO  o.eclipse.m2e.core.internal.Bundles - 	Entry: E:\eclipse\plugins\org.eclipse.m2e.maven.runtime_3.9.900.20240824-1409\jars\plexus-utils-3.5.1.jar
2025-03-10 15:33:50,107 [Worker-4: Launching mavenrun-0cea5831-3aca-4a3e-8995-3ebcbbb0e07b] INFO  o.eclipse.m2e.core.internal.Bundles - 	Entry: E:\eclipse\plugins\org.eclipse.m2e.maven.runtime_3.9.900.20240824-1409\jars\plexus-xml-3.0.1.jar
2025-03-10 15:33:50,107 [Worker-4: Launching mavenrun-0cea5831-3aca-4a3e-8995-3ebcbbb0e07b] INFO  o.eclipse.m2e.core.internal.Bundles - 	Entry: E:\eclipse\plugins\org.eclipse.m2e.maven.runtime_3.9.900.20240824-1409\jars\wagon-file-3.5.3.jar
2025-03-10 15:33:50,107 [Worker-4: Launching mavenrun-0cea5831-3aca-4a3e-8995-3ebcbbb0e07b] INFO  o.eclipse.m2e.core.internal.Bundles - 	Entry: E:\eclipse\plugins\org.eclipse.m2e.maven.runtime_3.9.900.20240824-1409\jars\wagon-http-3.5.3.jar
2025-03-10 15:33:50,107 [Worker-4: Launching mavenrun-0cea5831-3aca-4a3e-8995-3ebcbbb0e07b] INFO  o.eclipse.m2e.core.internal.Bundles - 	Entry: E:\eclipse\plugins\org.eclipse.m2e.maven.runtime_3.9.900.20240824-1409\jars\wagon-http-shared-3.5.3.jar
2025-03-10 15:33:50,107 [Worker-4: Launching mavenrun-0cea5831-3aca-4a3e-8995-3ebcbbb0e07b] INFO  o.eclipse.m2e.core.internal.Bundles - 	Entry: E:\eclipse\plugins\org.eclipse.m2e.maven.runtime_3.9.900.20240824-1409\jars\wagon-provider-api-3.5.3.jar
2025-03-10 15:33:50,107 [Worker-4: Launching mavenrun-0cea5831-3aca-4a3e-8995-3ebcbbb0e07b] INFO  o.eclipse.m2e.core.internal.Bundles - getClasspathEntries(Bundle=com.google.guava_33.3.1.jre [16])
2025-03-10 15:33:50,108 [Worker-4: Launching mavenrun-0cea5831-3aca-4a3e-8995-3ebcbbb0e07b] INFO  o.eclipse.m2e.core.internal.Bundles - 	Entry: E:\eclipse\plugins\com.google.guava_33.3.1.jre.jar
2025-03-10 15:33:50,108 [Worker-4: Launching mavenrun-0cea5831-3aca-4a3e-8995-3ebcbbb0e07b] INFO  o.eclipse.m2e.core.internal.Bundles - getClasspathEntries(Bundle=slf4j.api_2.0.16 [1008])
2025-03-10 15:33:50,108 [Worker-4: Launching mavenrun-0cea5831-3aca-4a3e-8995-3ebcbbb0e07b] INFO  o.eclipse.m2e.core.internal.Bundles - 	Entry: E:\eclipse\plugins\slf4j.api_2.0.16.jar
2025-03-10 15:33:50,108 [Worker-4: Launching mavenrun-0cea5831-3aca-4a3e-8995-3ebcbbb0e07b] INFO  o.eclipse.m2e.core.internal.Bundles - getClasspathEntries(Bundle=jakarta.inject.jakarta.inject-api_1.0.5 [34])
2025-03-10 15:33:50,108 [Worker-4: Launching mavenrun-0cea5831-3aca-4a3e-8995-3ebcbbb0e07b] INFO  o.eclipse.m2e.core.internal.Bundles - 	Entry: E:\eclipse\plugins\jakarta.inject.jakarta.inject-api_1.0.5.jar
2025-03-10 15:33:50,108 [Worker-4: Launching mavenrun-0cea5831-3aca-4a3e-8995-3ebcbbb0e07b] INFO  o.eclipse.m2e.core.internal.Bundles - getClasspathEntries(Bundle=jakarta.annotation-api_1.3.5 [29])
2025-03-10 15:33:50,108 [Worker-4: Launching mavenrun-0cea5831-3aca-4a3e-8995-3ebcbbb0e07b] INFO  o.eclipse.m2e.core.internal.Bundles - 	Entry: E:\eclipse\plugins\jakarta.annotation-api_1.3.5.jar
2025-03-10 15:33:50,109 [Worker-4: Launching mavenrun-0cea5831-3aca-4a3e-8995-3ebcbbb0e07b] INFO  o.eclipse.m2e.core.internal.Bundles - getClasspathEntries(Bundle=org.apache.commons.cli_1.9.0 [75])
2025-03-10 15:33:50,109 [Worker-4: Launching mavenrun-0cea5831-3aca-4a3e-8995-3ebcbbb0e07b] INFO  o.eclipse.m2e.core.internal.Bundles - 	Entry: E:\eclipse\plugins\org.apache.commons.cli_1.9.0.jar
2025-03-10 15:33:50,109 [Worker-4: Launching mavenrun-0cea5831-3aca-4a3e-8995-3ebcbbb0e07b] INFO  o.eclipse.m2e.core.internal.Bundles - getClasspathEntries(Bundle=org.apache.commons.commons-codec_1.16.0 [78])
2025-03-10 15:33:50,109 [Worker-4: Launching mavenrun-0cea5831-3aca-4a3e-8995-3ebcbbb0e07b] INFO  o.eclipse.m2e.core.internal.Bundles - 	Entry: E:\eclipse\plugins\org.apache.commons.commons-codec_1.16.0.jar
2025-03-10 15:33:50,109 [Worker-4: Launching mavenrun-0cea5831-3aca-4a3e-8995-3ebcbbb0e07b] INFO  o.eclipse.m2e.core.internal.Bundles - getClasspathEntries(Bundle=com.google.guava.failureaccess_1.0.2 [17])
2025-03-10 15:33:50,109 [Worker-4: Launching mavenrun-0cea5831-3aca-4a3e-8995-3ebcbbb0e07b] INFO  o.eclipse.m2e.core.internal.Bundles - 	Entry: E:\eclipse\plugins\com.google.guava.failureaccess_1.0.2.jar
2025-03-10 15:33:50,111 [Worker-4: Launching mavenrun-0cea5831-3aca-4a3e-8995-3ebcbbb0e07b] INFO  o.e.m.i.launch.MavenLaunchDelegate - Run build in "C:\Users\jenas\AppData\Local\Temp\m2e-archetypeGenerator2714278744207238714":
2025-03-10 15:33:50,111 [Worker-4: Launching mavenrun-0cea5831-3aca-4a3e-8995-3ebcbbb0e07b] INFO  o.e.m.i.launch.MavenLaunchDelegate -  mvn  -DarchetypeGroupId=org.apache.maven.archetypes -DarchetypeArtifactId=maven-archetype-webapp -DarchetypeVersion=1.0 -DgroupId=demojsp -DartifactId=com.appdemo -Dversion=0.0.1-SNAPSHOT -Dpackage=demojsp.com.appdemo -DoutputDirectory=E:\Projects\SERVLET -Dstyle.color=always -U archetype:generate
2025-03-10 15:33:55,801 [Worker-4: Launching mavenrun-936cee44-69b7-478f-bcdb-b17a4706e3cb] INFO  o.eclipse.m2e.core.internal.Bundles - getClasspathEntries(Bundle=org.eclipse.m2e.maven.runtime_3.9.900.20240824-1409 [641])
2025-03-10 15:33:55,802 [Worker-4: Launching mavenrun-936cee44-69b7-478f-bcdb-b17a4706e3cb] INFO  o.eclipse.m2e.core.internal.Bundles - 	Entry: E:\eclipse\plugins\org.eclipse.m2e.maven.runtime_3.9.900.20240824-1409
2025-03-10 15:33:55,802 [Worker-4: Launching mavenrun-936cee44-69b7-478f-bcdb-b17a4706e3cb] INFO  o.eclipse.m2e.core.internal.Bundles - 	Entry: E:\eclipse\plugins\org.eclipse.m2e.maven.runtime_3.9.900.20240824-1409\jars\aopalliance-1.0.jar
2025-03-10 15:33:55,802 [Worker-4: Launching mavenrun-936cee44-69b7-478f-bcdb-b17a4706e3cb] INFO  o.eclipse.m2e.core.internal.Bundles - 	Entry: E:\eclipse\plugins\org.eclipse.m2e.maven.runtime_3.9.900.20240824-1409\jars\guice-5.1.0.jar
2025-03-10 15:33:55,802 [Worker-4: Launching mavenrun-936cee44-69b7-478f-bcdb-b17a4706e3cb] INFO  o.eclipse.m2e.core.internal.Bundles - 	Entry: E:\eclipse\plugins\org.eclipse.m2e.maven.runtime_3.9.900.20240824-1409\jars\httpclient-4.5.14.jar
2025-03-10 15:33:55,802 [Worker-4: Launching mavenrun-936cee44-69b7-478f-bcdb-b17a4706e3cb] INFO  o.eclipse.m2e.core.internal.Bundles - 	Entry: E:\eclipse\plugins\org.eclipse.m2e.maven.runtime_3.9.900.20240824-1409\jars\httpcore-4.4.16.jar
2025-03-10 15:33:55,802 [Worker-4: Launching mavenrun-936cee44-69b7-478f-bcdb-b17a4706e3cb] INFO  o.eclipse.m2e.core.internal.Bundles - 	Entry: E:\eclipse\plugins\org.eclipse.m2e.maven.runtime_3.9.900.20240824-1409\jars\jansi-2.4.1.jar
2025-03-10 15:33:55,802 [Worker-4: Launching mavenrun-936cee44-69b7-478f-bcdb-b17a4706e3cb] INFO  o.eclipse.m2e.core.internal.Bundles - 	Entry: E:\eclipse\plugins\org.eclipse.m2e.maven.runtime_3.9.900.20240824-1409\jars\jcl-over-slf4j-1.7.36.jar
2025-03-10 15:33:55,802 [Worker-4: Launching mavenrun-936cee44-69b7-478f-bcdb-b17a4706e3cb] INFO  o.eclipse.m2e.core.internal.Bundles - 	Entry: E:\eclipse\plugins\org.eclipse.m2e.maven.runtime_3.9.900.20240824-1409\jars\maven-artifact-3.9.9.jar
2025-03-10 15:33:55,803 [Worker-4: Launching mavenrun-936cee44-69b7-478f-bcdb-b17a4706e3cb] INFO  o.eclipse.m2e.core.internal.Bundles - 	Entry: E:\eclipse\plugins\org.eclipse.m2e.maven.runtime_3.9.900.20240824-1409\jars\maven-builder-support-3.9.9.jar
2025-03-10 15:33:55,803 [Worker-4: Launching mavenrun-936cee44-69b7-478f-bcdb-b17a4706e3cb] INFO  o.eclipse.m2e.core.internal.Bundles - 	Entry: E:\eclipse\plugins\org.eclipse.m2e.maven.runtime_3.9.900.20240824-1409\jars\maven-compat-3.9.9.jar
2025-03-10 15:33:55,803 [Worker-4: Launching mavenrun-936cee44-69b7-478f-bcdb-b17a4706e3cb] INFO  o.eclipse.m2e.core.internal.Bundles - 	Entry: E:\eclipse\plugins\org.eclipse.m2e.maven.runtime_3.9.900.20240824-1409\jars\maven-core-3.9.9.jar
2025-03-10 15:33:55,803 [Worker-4: Launching mavenrun-936cee44-69b7-478f-bcdb-b17a4706e3cb] INFO  o.eclipse.m2e.core.internal.Bundles - 	Entry: E:\eclipse\plugins\org.eclipse.m2e.maven.runtime_3.9.900.20240824-1409\jars\maven-embedder-3.9.9.jar
2025-03-10 15:33:55,803 [Worker-4: Launching mavenrun-936cee44-69b7-478f-bcdb-b17a4706e3cb] INFO  o.eclipse.m2e.core.internal.Bundles - 	Entry: E:\eclipse\plugins\org.eclipse.m2e.maven.runtime_3.9.900.20240824-1409\jars\maven-model-3.9.9.jar
2025-03-10 15:33:55,803 [Worker-4: Launching mavenrun-936cee44-69b7-478f-bcdb-b17a4706e3cb] INFO  o.eclipse.m2e.core.internal.Bundles - 	Entry: E:\eclipse\plugins\org.eclipse.m2e.maven.runtime_3.9.900.20240824-1409\jars\maven-model-builder-3.9.9.jar
2025-03-10 15:33:55,803 [Worker-4: Launching mavenrun-936cee44-69b7-478f-bcdb-b17a4706e3cb] INFO  o.eclipse.m2e.core.internal.Bundles - 	Entry: E:\eclipse\plugins\org.eclipse.m2e.maven.runtime_3.9.900.20240824-1409\jars\maven-plugin-api-3.9.9.jar
2025-03-10 15:33:55,803 [Worker-4: Launching mavenrun-936cee44-69b7-478f-bcdb-b17a4706e3cb] INFO  o.eclipse.m2e.core.internal.Bundles - 	Entry: E:\eclipse\plugins\org.eclipse.m2e.maven.runtime_3.9.900.20240824-1409\jars\maven-repository-metadata-3.9.9.jar
2025-03-10 15:33:55,804 [Worker-4: Launching mavenrun-936cee44-69b7-478f-bcdb-b17a4706e3cb] INFO  o.eclipse.m2e.core.internal.Bundles - 	Entry: E:\eclipse\plugins\org.eclipse.m2e.maven.runtime_3.9.900.20240824-1409\jars\maven-resolver-api-1.9.22.jar
2025-03-10 15:33:55,804 [Worker-4: Launching mavenrun-936cee44-69b7-478f-bcdb-b17a4706e3cb] INFO  o.eclipse.m2e.core.internal.Bundles - 	Entry: E:\eclipse\plugins\org.eclipse.m2e.maven.runtime_3.9.900.20240824-1409\jars\maven-resolver-connector-basic-1.9.22.jar
2025-03-10 15:33:55,804 [Worker-4: Launching mavenrun-936cee44-69b7-478f-bcdb-b17a4706e3cb] INFO  o.eclipse.m2e.core.internal.Bundles - 	Entry: E:\eclipse\plugins\org.eclipse.m2e.maven.runtime_3.9.900.20240824-1409\jars\maven-resolver-impl-1.9.22.jar
2025-03-10 15:33:55,804 [Worker-4: Launching mavenrun-936cee44-69b7-478f-bcdb-b17a4706e3cb] INFO  o.eclipse.m2e.core.internal.Bundles - 	Entry: E:\eclipse\plugins\org.eclipse.m2e.maven.runtime_3.9.900.20240824-1409\jars\maven-resolver-named-locks-1.9.22.jar
2025-03-10 15:33:55,804 [Worker-4: Launching mavenrun-936cee44-69b7-478f-bcdb-b17a4706e3cb] INFO  o.eclipse.m2e.core.internal.Bundles - 	Entry: E:\eclipse\plugins\org.eclipse.m2e.maven.runtime_3.9.900.20240824-1409\jars\maven-resolver-provider-3.9.9.jar
2025-03-10 15:33:55,804 [Worker-4: Launching mavenrun-936cee44-69b7-478f-bcdb-b17a4706e3cb] INFO  o.eclipse.m2e.core.internal.Bundles - 	Entry: E:\eclipse\plugins\org.eclipse.m2e.maven.runtime_3.9.900.20240824-1409\jars\maven-resolver-spi-1.9.22.jar
2025-03-10 15:33:55,804 [Worker-4: Launching mavenrun-936cee44-69b7-478f-bcdb-b17a4706e3cb] INFO  o.eclipse.m2e.core.internal.Bundles - 	Entry: E:\eclipse\plugins\org.eclipse.m2e.maven.runtime_3.9.900.20240824-1409\jars\maven-resolver-transport-file-1.9.22.jar
2025-03-10 15:33:55,804 [Worker-4: Launching mavenrun-936cee44-69b7-478f-bcdb-b17a4706e3cb] INFO  o.eclipse.m2e.core.internal.Bundles - 	Entry: E:\eclipse\plugins\org.eclipse.m2e.maven.runtime_3.9.900.20240824-1409\jars\maven-resolver-transport-http-1.9.22.jar
2025-03-10 15:33:55,804 [Worker-4: Launching mavenrun-936cee44-69b7-478f-bcdb-b17a4706e3cb] INFO  o.eclipse.m2e.core.internal.Bundles - 	Entry: E:\eclipse\plugins\org.eclipse.m2e.maven.runtime_3.9.900.20240824-1409\jars\maven-resolver-transport-wagon-1.9.22.jar
2025-03-10 15:33:55,804 [Worker-4: Launching mavenrun-936cee44-69b7-478f-bcdb-b17a4706e3cb] INFO  o.eclipse.m2e.core.internal.Bundles - 	Entry: E:\eclipse\plugins\org.eclipse.m2e.maven.runtime_3.9.900.20240824-1409\jars\maven-resolver-util-1.9.22.jar
2025-03-10 15:33:55,804 [Worker-4: Launching mavenrun-936cee44-69b7-478f-bcdb-b17a4706e3cb] INFO  o.eclipse.m2e.core.internal.Bundles - 	Entry: E:\eclipse\plugins\org.eclipse.m2e.maven.runtime_3.9.900.20240824-1409\jars\maven-settings-3.9.9.jar
2025-03-10 15:33:55,805 [Worker-4: Launching mavenrun-936cee44-69b7-478f-bcdb-b17a4706e3cb] INFO  o.eclipse.m2e.core.internal.Bundles - 	Entry: E:\eclipse\plugins\org.eclipse.m2e.maven.runtime_3.9.900.20240824-1409\jars\maven-settings-builder-3.9.9.jar
2025-03-10 15:33:55,805 [Worker-4: Launching mavenrun-936cee44-69b7-478f-bcdb-b17a4706e3cb] INFO  o.eclipse.m2e.core.internal.Bundles - 	Entry: E:\eclipse\plugins\org.eclipse.m2e.maven.runtime_3.9.900.20240824-1409\jars\maven-shared-utils-3.4.2.jar
2025-03-10 15:33:55,805 [Worker-4: Launching mavenrun-936cee44-69b7-478f-bcdb-b17a4706e3cb] INFO  o.eclipse.m2e.core.internal.Bundles - 	Entry: E:\eclipse\plugins\org.eclipse.m2e.maven.runtime_3.9.900.20240824-1409\jars\org.eclipse.sisu.inject-0.9.0.M3.jar
2025-03-10 15:33:55,805 [Worker-4: Launching mavenrun-936cee44-69b7-478f-bcdb-b17a4706e3cb] INFO  o.eclipse.m2e.core.internal.Bundles - 	Entry: E:\eclipse\plugins\org.eclipse.m2e.maven.runtime_3.9.900.20240824-1409\jars\org.eclipse.sisu.plexus-0.9.0.M3.jar
2025-03-10 15:33:55,805 [Worker-4: Launching mavenrun-936cee44-69b7-478f-bcdb-b17a4706e3cb] INFO  o.eclipse.m2e.core.internal.Bundles - 	Entry: E:\eclipse\plugins\org.eclipse.m2e.maven.runtime_3.9.900.20240824-1409\jars\plexus-build-api-0.0.7.jar
2025-03-10 15:33:55,805 [Worker-4: Launching mavenrun-936cee44-69b7-478f-bcdb-b17a4706e3cb] INFO  o.eclipse.m2e.core.internal.Bundles - 	Entry: E:\eclipse\plugins\org.eclipse.m2e.maven.runtime_3.9.900.20240824-1409\jars\plexus-build-api-1.2.0.jar
2025-03-10 15:33:55,805 [Worker-4: Launching mavenrun-936cee44-69b7-478f-bcdb-b17a4706e3cb] INFO  o.eclipse.m2e.core.internal.Bundles - 	Entry: E:\eclipse\plugins\org.eclipse.m2e.maven.runtime_3.9.900.20240824-1409\jars\plexus-cipher-2.0.jar
2025-03-10 15:33:55,805 [Worker-4: Launching mavenrun-936cee44-69b7-478f-bcdb-b17a4706e3cb] INFO  o.eclipse.m2e.core.internal.Bundles - 	Entry: E:\eclipse\plugins\org.eclipse.m2e.maven.runtime_3.9.900.20240824-1409\jars\plexus-classworlds-2.8.0.jar
2025-03-10 15:33:55,805 [Worker-4: Launching mavenrun-936cee44-69b7-478f-bcdb-b17a4706e3cb] INFO  o.eclipse.m2e.core.internal.Bundles - 	Entry: E:\eclipse\plugins\org.eclipse.m2e.maven.runtime_3.9.900.20240824-1409\jars\plexus-component-annotations-2.1.0.jar
2025-03-10 15:33:55,806 [Worker-4: Launching mavenrun-936cee44-69b7-478f-bcdb-b17a4706e3cb] INFO  o.eclipse.m2e.core.internal.Bundles - 	Entry: E:\eclipse\plugins\org.eclipse.m2e.maven.runtime_3.9.900.20240824-1409\jars\plexus-interpolation-1.27.jar
2025-03-10 15:33:55,806 [Worker-4: Launching mavenrun-936cee44-69b7-478f-bcdb-b17a4706e3cb] INFO  o.eclipse.m2e.core.internal.Bundles - 	Entry: E:\eclipse\plugins\org.eclipse.m2e.maven.runtime_3.9.900.20240824-1409\jars\plexus-sec-dispatcher-2.0.jar
2025-03-10 15:33:55,806 [Worker-4: Launching mavenrun-936cee44-69b7-478f-bcdb-b17a4706e3cb] INFO  o.eclipse.m2e.core.internal.Bundles - 	Entry: E:\eclipse\plugins\org.eclipse.m2e.maven.runtime_3.9.900.20240824-1409\jars\plexus-utils-3.5.1.jar
2025-03-10 15:33:55,806 [Worker-4: Launching mavenrun-936cee44-69b7-478f-bcdb-b17a4706e3cb] INFO  o.eclipse.m2e.core.internal.Bundles - 	Entry: E:\eclipse\plugins\org.eclipse.m2e.maven.runtime_3.9.900.20240824-1409\jars\plexus-xml-3.0.1.jar
2025-03-10 15:33:55,806 [Worker-4: Launching mavenrun-936cee44-69b7-478f-bcdb-b17a4706e3cb] INFO  o.eclipse.m2e.core.internal.Bundles - 	Entry: E:\eclipse\plugins\org.eclipse.m2e.maven.runtime_3.9.900.20240824-1409\jars\wagon-file-3.5.3.jar
2025-03-10 15:33:55,806 [Worker-4: Launching mavenrun-936cee44-69b7-478f-bcdb-b17a4706e3cb] INFO  o.eclipse.m2e.core.internal.Bundles - 	Entry: E:\eclipse\plugins\org.eclipse.m2e.maven.runtime_3.9.900.20240824-1409\jars\wagon-http-3.5.3.jar
2025-03-10 15:33:55,806 [Worker-4: Launching mavenrun-936cee44-69b7-478f-bcdb-b17a4706e3cb] INFO  o.eclipse.m2e.core.internal.Bundles - 	Entry: E:\eclipse\plugins\org.eclipse.m2e.maven.runtime_3.9.900.20240824-1409\jars\wagon-http-shared-3.5.3.jar
2025-03-10 15:33:55,806 [Worker-4: Launching mavenrun-936cee44-69b7-478f-bcdb-b17a4706e3cb] INFO  o.eclipse.m2e.core.internal.Bundles - 	Entry: E:\eclipse\plugins\org.eclipse.m2e.maven.runtime_3.9.900.20240824-1409\jars\wagon-provider-api-3.5.3.jar
2025-03-10 15:33:55,807 [Worker-4: Launching mavenrun-936cee44-69b7-478f-bcdb-b17a4706e3cb] INFO  o.eclipse.m2e.core.internal.Bundles - getClasspathEntries(Bundle=com.google.guava_33.3.1.jre [16])
2025-03-10 15:33:55,807 [Worker-4: Launching mavenrun-936cee44-69b7-478f-bcdb-b17a4706e3cb] INFO  o.eclipse.m2e.core.internal.Bundles - 	Entry: E:\eclipse\plugins\com.google.guava_33.3.1.jre.jar
2025-03-10 15:33:55,807 [Worker-4: Launching mavenrun-936cee44-69b7-478f-bcdb-b17a4706e3cb] INFO  o.eclipse.m2e.core.internal.Bundles - getClasspathEntries(Bundle=slf4j.api_2.0.16 [1008])
2025-03-10 15:33:55,807 [Worker-4: Launching mavenrun-936cee44-69b7-478f-bcdb-b17a4706e3cb] INFO  o.eclipse.m2e.core.internal.Bundles - 	Entry: E:\eclipse\plugins\slf4j.api_2.0.16.jar
2025-03-10 15:33:55,807 [Worker-4: Launching mavenrun-936cee44-69b7-478f-bcdb-b17a4706e3cb] INFO  o.eclipse.m2e.core.internal.Bundles - getClasspathEntries(Bundle=jakarta.inject.jakarta.inject-api_1.0.5 [34])
2025-03-10 15:33:55,807 [Worker-4: Launching mavenrun-936cee44-69b7-478f-bcdb-b17a4706e3cb] INFO  o.eclipse.m2e.core.internal.Bundles - 	Entry: E:\eclipse\plugins\jakarta.inject.jakarta.inject-api_1.0.5.jar
2025-03-10 15:33:55,808 [Worker-4: Launching mavenrun-936cee44-69b7-478f-bcdb-b17a4706e3cb] INFO  o.eclipse.m2e.core.internal.Bundles - getClasspathEntries(Bundle=jakarta.annotation-api_1.3.5 [29])
2025-03-10 15:33:55,808 [Worker-4: Launching mavenrun-936cee44-69b7-478f-bcdb-b17a4706e3cb] INFO  o.eclipse.m2e.core.internal.Bundles - 	Entry: E:\eclipse\plugins\jakarta.annotation-api_1.3.5.jar
2025-03-10 15:33:55,808 [Worker-4: Launching mavenrun-936cee44-69b7-478f-bcdb-b17a4706e3cb] INFO  o.eclipse.m2e.core.internal.Bundles - getClasspathEntries(Bundle=org.apache.commons.cli_1.9.0 [75])
2025-03-10 15:33:55,808 [Worker-4: Launching mavenrun-936cee44-69b7-478f-bcdb-b17a4706e3cb] INFO  o.eclipse.m2e.core.internal.Bundles - 	Entry: E:\eclipse\plugins\org.apache.commons.cli_1.9.0.jar
2025-03-10 15:33:55,808 [Worker-4: Launching mavenrun-936cee44-69b7-478f-bcdb-b17a4706e3cb] INFO  o.eclipse.m2e.core.internal.Bundles - getClasspathEntries(Bundle=org.apache.commons.commons-codec_1.16.0 [78])
2025-03-10 15:33:55,808 [Worker-4: Launching mavenrun-936cee44-69b7-478f-bcdb-b17a4706e3cb] INFO  o.eclipse.m2e.core.internal.Bundles - 	Entry: E:\eclipse\plugins\org.apache.commons.commons-codec_1.16.0.jar
2025-03-10 15:33:55,808 [Worker-4: Launching mavenrun-936cee44-69b7-478f-bcdb-b17a4706e3cb] INFO  o.eclipse.m2e.core.internal.Bundles - getClasspathEntries(Bundle=com.google.guava.failureaccess_1.0.2 [17])
2025-03-10 15:33:55,809 [Worker-4: Launching mavenrun-936cee44-69b7-478f-bcdb-b17a4706e3cb] INFO  o.eclipse.m2e.core.internal.Bundles - 	Entry: E:\eclipse\plugins\com.google.guava.failureaccess_1.0.2.jar
2025-03-10 15:33:55,811 [Worker-4: Launching mavenrun-936cee44-69b7-478f-bcdb-b17a4706e3cb] INFO  o.e.m.i.launch.MavenLaunchDelegate - Run build in "C:\Users\jenas\AppData\Local\Temp\m2e-archetypeGenerator11192094946583372887":
2025-03-10 15:33:55,811 [Worker-4: Launching mavenrun-936cee44-69b7-478f-bcdb-b17a4706e3cb] INFO  o.e.m.i.launch.MavenLaunchDelegate -  mvn  -DarchetypeGroupId=org.apache.maven.archetypes -DarchetypeArtifactId=maven-archetype-webapp -DarchetypeVersion=1.5 -DgroupId=demojsp -DartifactId=org.dempapp -Dversion=0.0.1-SNAPSHOT -Dpackage=demojsp.org.dempapp -DoutputDirectory=E:\Projects\SERVLET -Dstyle.color=always -U archetype:generate
2025-03-10 15:34:15,173 [Worker-4: Loading available Gradle versions] INFO  o.e.b.c.i.u.g.PublishedGradleVersions - Gradle version information cache is up-to-date. Trying to read.
2025-03-10 15:38:58,263 [Worker-3: Launching mavenrun-8f506ec1-bec6-4bf1-b154-162ab2fd79fb] INFO  o.eclipse.m2e.core.internal.Bundles - getClasspathEntries(Bundle=org.eclipse.m2e.maven.runtime_3.9.900.20240824-1409 [641])
2025-03-10 15:38:58,271 [Worker-3: Launching mavenrun-8f506ec1-bec6-4bf1-b154-162ab2fd79fb] INFO  o.eclipse.m2e.core.internal.Bundles - 	Entry: E:\eclipse\plugins\org.eclipse.m2e.maven.runtime_3.9.900.20240824-1409
2025-03-10 15:38:58,271 [Worker-3: Launching mavenrun-8f506ec1-bec6-4bf1-b154-162ab2fd79fb] INFO  o.eclipse.m2e.core.internal.Bundles - 	Entry: E:\eclipse\plugins\org.eclipse.m2e.maven.runtime_3.9.900.20240824-1409\jars\aopalliance-1.0.jar
2025-03-10 15:38:58,272 [Worker-3: Launching mavenrun-8f506ec1-bec6-4bf1-b154-162ab2fd79fb] INFO  o.eclipse.m2e.core.internal.Bundles - 	Entry: E:\eclipse\plugins\org.eclipse.m2e.maven.runtime_3.9.900.20240824-1409\jars\guice-5.1.0.jar
2025-03-10 15:38:58,272 [Worker-3: Launching mavenrun-8f506ec1-bec6-4bf1-b154-162ab2fd79fb] INFO  o.eclipse.m2e.core.internal.Bundles - 	Entry: E:\eclipse\plugins\org.eclipse.m2e.maven.runtime_3.9.900.20240824-1409\jars\httpclient-4.5.14.jar
2025-03-10 15:38:58,272 [Worker-3: Launching mavenrun-8f506ec1-bec6-4bf1-b154-162ab2fd79fb] INFO  o.eclipse.m2e.core.internal.Bundles - 	Entry: E:\eclipse\plugins\org.eclipse.m2e.maven.runtime_3.9.900.20240824-1409\jars\httpcore-4.4.16.jar
2025-03-10 15:38:58,272 [Worker-3: Launching mavenrun-8f506ec1-bec6-4bf1-b154-162ab2fd79fb] INFO  o.eclipse.m2e.core.internal.Bundles - 	Entry: E:\eclipse\plugins\org.eclipse.m2e.maven.runtime_3.9.900.20240824-1409\jars\jansi-2.4.1.jar
2025-03-10 15:38:58,272 [Worker-3: Launching mavenrun-8f506ec1-bec6-4bf1-b154-162ab2fd79fb] INFO  o.eclipse.m2e.core.internal.Bundles - 	Entry: E:\eclipse\plugins\org.eclipse.m2e.maven.runtime_3.9.900.20240824-1409\jars\jcl-over-slf4j-1.7.36.jar
2025-03-10 15:38:58,272 [Worker-3: Launching mavenrun-8f506ec1-bec6-4bf1-b154-162ab2fd79fb] INFO  o.eclipse.m2e.core.internal.Bundles - 	Entry: E:\eclipse\plugins\org.eclipse.m2e.maven.runtime_3.9.900.20240824-1409\jars\maven-artifact-3.9.9.jar
2025-03-10 15:38:58,272 [Worker-3: Launching mavenrun-8f506ec1-bec6-4bf1-b154-162ab2fd79fb] INFO  o.eclipse.m2e.core.internal.Bundles - 	Entry: E:\eclipse\plugins\org.eclipse.m2e.maven.runtime_3.9.900.20240824-1409\jars\maven-builder-support-3.9.9.jar
2025-03-10 15:38:58,273 [Worker-3: Launching mavenrun-8f506ec1-bec6-4bf1-b154-162ab2fd79fb] INFO  o.eclipse.m2e.core.internal.Bundles - 	Entry: E:\eclipse\plugins\org.eclipse.m2e.maven.runtime_3.9.900.20240824-1409\jars\maven-compat-3.9.9.jar
2025-03-10 15:38:58,273 [Worker-3: Launching mavenrun-8f506ec1-bec6-4bf1-b154-162ab2fd79fb] INFO  o.eclipse.m2e.core.internal.Bundles - 	Entry: E:\eclipse\plugins\org.eclipse.m2e.maven.runtime_3.9.900.20240824-1409\jars\maven-core-3.9.9.jar
2025-03-10 15:38:58,273 [Worker-3: Launching mavenrun-8f506ec1-bec6-4bf1-b154-162ab2fd79fb] INFO  o.eclipse.m2e.core.internal.Bundles - 	Entry: E:\eclipse\plugins\org.eclipse.m2e.maven.runtime_3.9.900.20240824-1409\jars\maven-embedder-3.9.9.jar
2025-03-10 15:38:58,273 [Worker-3: Launching mavenrun-8f506ec1-bec6-4bf1-b154-162ab2fd79fb] INFO  o.eclipse.m2e.core.internal.Bundles - 	Entry: E:\eclipse\plugins\org.eclipse.m2e.maven.runtime_3.9.900.20240824-1409\jars\maven-model-3.9.9.jar
2025-03-10 15:38:58,273 [Worker-3: Launching mavenrun-8f506ec1-bec6-4bf1-b154-162ab2fd79fb] INFO  o.eclipse.m2e.core.internal.Bundles - 	Entry: E:\eclipse\plugins\org.eclipse.m2e.maven.runtime_3.9.900.20240824-1409\jars\maven-model-builder-3.9.9.jar
2025-03-10 15:38:58,273 [Worker-3: Launching mavenrun-8f506ec1-bec6-4bf1-b154-162ab2fd79fb] INFO  o.eclipse.m2e.core.internal.Bundles - 	Entry: E:\eclipse\plugins\org.eclipse.m2e.maven.runtime_3.9.900.20240824-1409\jars\maven-plugin-api-3.9.9.jar
2025-03-10 15:38:58,273 [Worker-3: Launching mavenrun-8f506ec1-bec6-4bf1-b154-162ab2fd79fb] INFO  o.eclipse.m2e.core.internal.Bundles - 	Entry: E:\eclipse\plugins\org.eclipse.m2e.maven.runtime_3.9.900.20240824-1409\jars\maven-repository-metadata-3.9.9.jar
2025-03-10 15:38:58,273 [Worker-3: Launching mavenrun-8f506ec1-bec6-4bf1-b154-162ab2fd79fb] INFO  o.eclipse.m2e.core.internal.Bundles - 	Entry: E:\eclipse\plugins\org.eclipse.m2e.maven.runtime_3.9.900.20240824-1409\jars\maven-resolver-api-1.9.22.jar
2025-03-10 15:38:58,273 [Worker-3: Launching mavenrun-8f506ec1-bec6-4bf1-b154-162ab2fd79fb] INFO  o.eclipse.m2e.core.internal.Bundles - 	Entry: E:\eclipse\plugins\org.eclipse.m2e.maven.runtime_3.9.900.20240824-1409\jars\maven-resolver-connector-basic-1.9.22.jar
2025-03-10 15:38:58,274 [Worker-3: Launching mavenrun-8f506ec1-bec6-4bf1-b154-162ab2fd79fb] INFO  o.eclipse.m2e.core.internal.Bundles - 	Entry: E:\eclipse\plugins\org.eclipse.m2e.maven.runtime_3.9.900.20240824-1409\jars\maven-resolver-impl-1.9.22.jar
2025-03-10 15:38:58,274 [Worker-3: Launching mavenrun-8f506ec1-bec6-4bf1-b154-162ab2fd79fb] INFO  o.eclipse.m2e.core.internal.Bundles - 	Entry: E:\eclipse\plugins\org.eclipse.m2e.maven.runtime_3.9.900.20240824-1409\jars\maven-resolver-named-locks-1.9.22.jar
2025-03-10 15:38:58,274 [Worker-3: Launching mavenrun-8f506ec1-bec6-4bf1-b154-162ab2fd79fb] INFO  o.eclipse.m2e.core.internal.Bundles - 	Entry: E:\eclipse\plugins\org.eclipse.m2e.maven.runtime_3.9.900.20240824-1409\jars\maven-resolver-provider-3.9.9.jar
2025-03-10 15:38:58,274 [Worker-3: Launching mavenrun-8f506ec1-bec6-4bf1-b154-162ab2fd79fb] INFO  o.eclipse.m2e.core.internal.Bundles - 	Entry: E:\eclipse\plugins\org.eclipse.m2e.maven.runtime_3.9.900.20240824-1409\jars\maven-resolver-spi-1.9.22.jar
2025-03-10 15:38:58,274 [Worker-3: Launching mavenrun-8f506ec1-bec6-4bf1-b154-162ab2fd79fb] INFO  o.eclipse.m2e.core.internal.Bundles - 	Entry: E:\eclipse\plugins\org.eclipse.m2e.maven.runtime_3.9.900.20240824-1409\jars\maven-resolver-transport-file-1.9.22.jar
2025-03-10 15:38:58,274 [Worker-3: Launching mavenrun-8f506ec1-bec6-4bf1-b154-162ab2fd79fb] INFO  o.eclipse.m2e.core.internal.Bundles - 	Entry: E:\eclipse\plugins\org.eclipse.m2e.maven.runtime_3.9.900.20240824-1409\jars\maven-resolver-transport-http-1.9.22.jar
2025-03-10 15:38:58,274 [Worker-3: Launching mavenrun-8f506ec1-bec6-4bf1-b154-162ab2fd79fb] INFO  o.eclipse.m2e.core.internal.Bundles - 	Entry: E:\eclipse\plugins\org.eclipse.m2e.maven.runtime_3.9.900.20240824-1409\jars\maven-resolver-transport-wagon-1.9.22.jar
2025-03-10 15:38:58,274 [Worker-3: Launching mavenrun-8f506ec1-bec6-4bf1-b154-162ab2fd79fb] INFO  o.eclipse.m2e.core.internal.Bundles - 	Entry: E:\eclipse\plugins\org.eclipse.m2e.maven.runtime_3.9.900.20240824-1409\jars\maven-resolver-util-1.9.22.jar
2025-03-10 15:38:58,275 [Worker-3: Launching mavenrun-8f506ec1-bec6-4bf1-b154-162ab2fd79fb] INFO  o.eclipse.m2e.core.internal.Bundles - 	Entry: E:\eclipse\plugins\org.eclipse.m2e.maven.runtime_3.9.900.20240824-1409\jars\maven-settings-3.9.9.jar
2025-03-10 15:38:58,275 [Worker-3: Launching mavenrun-8f506ec1-bec6-4bf1-b154-162ab2fd79fb] INFO  o.eclipse.m2e.core.internal.Bundles - 	Entry: E:\eclipse\plugins\org.eclipse.m2e.maven.runtime_3.9.900.20240824-1409\jars\maven-settings-builder-3.9.9.jar
2025-03-10 15:38:58,275 [Worker-3: Launching mavenrun-8f506ec1-bec6-4bf1-b154-162ab2fd79fb] INFO  o.eclipse.m2e.core.internal.Bundles - 	Entry: E:\eclipse\plugins\org.eclipse.m2e.maven.runtime_3.9.900.20240824-1409\jars\maven-shared-utils-3.4.2.jar
2025-03-10 15:38:58,275 [Worker-3: Launching mavenrun-8f506ec1-bec6-4bf1-b154-162ab2fd79fb] INFO  o.eclipse.m2e.core.internal.Bundles - 	Entry: E:\eclipse\plugins\org.eclipse.m2e.maven.runtime_3.9.900.20240824-1409\jars\org.eclipse.sisu.inject-0.9.0.M3.jar
2025-03-10 15:38:58,276 [Worker-3: Launching mavenrun-8f506ec1-bec6-4bf1-b154-162ab2fd79fb] INFO  o.eclipse.m2e.core.internal.Bundles - 	Entry: E:\eclipse\plugins\org.eclipse.m2e.maven.runtime_3.9.900.20240824-1409\jars\org.eclipse.sisu.plexus-0.9.0.M3.jar
2025-03-10 15:38:58,276 [Worker-3: Launching mavenrun-8f506ec1-bec6-4bf1-b154-162ab2fd79fb] INFO  o.eclipse.m2e.core.internal.Bundles - 	Entry: E:\eclipse\plugins\org.eclipse.m2e.maven.runtime_3.9.900.20240824-1409\jars\plexus-build-api-0.0.7.jar
2025-03-10 15:38:58,276 [Worker-3: Launching mavenrun-8f506ec1-bec6-4bf1-b154-162ab2fd79fb] INFO  o.eclipse.m2e.core.internal.Bundles - 	Entry: E:\eclipse\plugins\org.eclipse.m2e.maven.runtime_3.9.900.20240824-1409\jars\plexus-build-api-1.2.0.jar
2025-03-10 15:38:58,276 [Worker-3: Launching mavenrun-8f506ec1-bec6-4bf1-b154-162ab2fd79fb] INFO  o.eclipse.m2e.core.internal.Bundles - 	Entry: E:\eclipse\plugins\org.eclipse.m2e.maven.runtime_3.9.900.20240824-1409\jars\plexus-cipher-2.0.jar
2025-03-10 15:38:58,276 [Worker-3: Launching mavenrun-8f506ec1-bec6-4bf1-b154-162ab2fd79fb] INFO  o.eclipse.m2e.core.internal.Bundles - 	Entry: E:\eclipse\plugins\org.eclipse.m2e.maven.runtime_3.9.900.20240824-1409\jars\plexus-classworlds-2.8.0.jar
2025-03-10 15:38:58,277 [Worker-3: Launching mavenrun-8f506ec1-bec6-4bf1-b154-162ab2fd79fb] INFO  o.eclipse.m2e.core.internal.Bundles - 	Entry: E:\eclipse\plugins\org.eclipse.m2e.maven.runtime_3.9.900.20240824-1409\jars\plexus-component-annotations-2.1.0.jar
2025-03-10 15:38:58,277 [Worker-3: Launching mavenrun-8f506ec1-bec6-4bf1-b154-162ab2fd79fb] INFO  o.eclipse.m2e.core.internal.Bundles - 	Entry: E:\eclipse\plugins\org.eclipse.m2e.maven.runtime_3.9.900.20240824-1409\jars\plexus-interpolation-1.27.jar
2025-03-10 15:38:58,277 [Worker-3: Launching mavenrun-8f506ec1-bec6-4bf1-b154-162ab2fd79fb] INFO  o.eclipse.m2e.core.internal.Bundles - 	Entry: E:\eclipse\plugins\org.eclipse.m2e.maven.runtime_3.9.900.20240824-1409\jars\plexus-sec-dispatcher-2.0.jar
2025-03-10 15:38:58,277 [Worker-3: Launching mavenrun-8f506ec1-bec6-4bf1-b154-162ab2fd79fb] INFO  o.eclipse.m2e.core.internal.Bundles - 	Entry: E:\eclipse\plugins\org.eclipse.m2e.maven.runtime_3.9.900.20240824-1409\jars\plexus-utils-3.5.1.jar
2025-03-10 15:38:58,278 [Worker-3: Launching mavenrun-8f506ec1-bec6-4bf1-b154-162ab2fd79fb] INFO  o.eclipse.m2e.core.internal.Bundles - 	Entry: E:\eclipse\plugins\org.eclipse.m2e.maven.runtime_3.9.900.20240824-1409\jars\plexus-xml-3.0.1.jar
2025-03-10 15:38:58,278 [Worker-3: Launching mavenrun-8f506ec1-bec6-4bf1-b154-162ab2fd79fb] INFO  o.eclipse.m2e.core.internal.Bundles - 	Entry: E:\eclipse\plugins\org.eclipse.m2e.maven.runtime_3.9.900.20240824-1409\jars\wagon-file-3.5.3.jar
2025-03-10 15:38:58,278 [Worker-3: Launching mavenrun-8f506ec1-bec6-4bf1-b154-162ab2fd79fb] INFO  o.eclipse.m2e.core.internal.Bundles - 	Entry: E:\eclipse\plugins\org.eclipse.m2e.maven.runtime_3.9.900.20240824-1409\jars\wagon-http-3.5.3.jar
2025-03-10 15:38:58,278 [Worker-3: Launching mavenrun-8f506ec1-bec6-4bf1-b154-162ab2fd79fb] INFO  o.eclipse.m2e.core.internal.Bundles - 	Entry: E:\eclipse\plugins\org.eclipse.m2e.maven.runtime_3.9.900.20240824-1409\jars\wagon-http-shared-3.5.3.jar
2025-03-10 15:38:58,278 [Worker-3: Launching mavenrun-8f506ec1-bec6-4bf1-b154-162ab2fd79fb] INFO  o.eclipse.m2e.core.internal.Bundles - 	Entry: E:\eclipse\plugins\org.eclipse.m2e.maven.runtime_3.9.900.20240824-1409\jars\wagon-provider-api-3.5.3.jar
2025-03-10 15:38:58,282 [Worker-3: Launching mavenrun-8f506ec1-bec6-4bf1-b154-162ab2fd79fb] INFO  o.eclipse.m2e.core.internal.Bundles - getClasspathEntries(Bundle=com.google.guava_33.3.1.jre [16])
2025-03-10 15:38:58,283 [Worker-3: Launching mavenrun-8f506ec1-bec6-4bf1-b154-162ab2fd79fb] INFO  o.eclipse.m2e.core.internal.Bundles - 	Entry: E:\eclipse\plugins\com.google.guava_33.3.1.jre.jar
2025-03-10 15:38:58,283 [Worker-3: Launching mavenrun-8f506ec1-bec6-4bf1-b154-162ab2fd79fb] INFO  o.eclipse.m2e.core.internal.Bundles - getClasspathEntries(Bundle=slf4j.api_2.0.16 [1008])
2025-03-10 15:38:58,284 [Worker-3: Launching mavenrun-8f506ec1-bec6-4bf1-b154-162ab2fd79fb] INFO  o.eclipse.m2e.core.internal.Bundles - 	Entry: E:\eclipse\plugins\slf4j.api_2.0.16.jar
2025-03-10 15:38:58,284 [Worker-3: Launching mavenrun-8f506ec1-bec6-4bf1-b154-162ab2fd79fb] INFO  o.eclipse.m2e.core.internal.Bundles - getClasspathEntries(Bundle=jakarta.inject.jakarta.inject-api_1.0.5 [34])
2025-03-10 15:38:58,284 [Worker-3: Launching mavenrun-8f506ec1-bec6-4bf1-b154-162ab2fd79fb] INFO  o.eclipse.m2e.core.internal.Bundles - 	Entry: E:\eclipse\plugins\jakarta.inject.jakarta.inject-api_1.0.5.jar
2025-03-10 15:38:58,285 [Worker-3: Launching mavenrun-8f506ec1-bec6-4bf1-b154-162ab2fd79fb] INFO  o.eclipse.m2e.core.internal.Bundles - getClasspathEntries(Bundle=jakarta.annotation-api_1.3.5 [29])
2025-03-10 15:38:58,285 [Worker-3: Launching mavenrun-8f506ec1-bec6-4bf1-b154-162ab2fd79fb] INFO  o.eclipse.m2e.core.internal.Bundles - 	Entry: E:\eclipse\plugins\jakarta.annotation-api_1.3.5.jar
2025-03-10 15:38:58,285 [Worker-3: Launching mavenrun-8f506ec1-bec6-4bf1-b154-162ab2fd79fb] INFO  o.eclipse.m2e.core.internal.Bundles - getClasspathEntries(Bundle=org.apache.commons.cli_1.9.0 [75])
2025-03-10 15:38:58,285 [Worker-3: Launching mavenrun-8f506ec1-bec6-4bf1-b154-162ab2fd79fb] INFO  o.eclipse.m2e.core.internal.Bundles - 	Entry: E:\eclipse\plugins\org.apache.commons.cli_1.9.0.jar
2025-03-10 15:38:58,285 [Worker-3: Launching mavenrun-8f506ec1-bec6-4bf1-b154-162ab2fd79fb] INFO  o.eclipse.m2e.core.internal.Bundles - getClasspathEntries(Bundle=org.apache.commons.commons-codec_1.16.0 [78])
2025-03-10 15:38:58,286 [Worker-3: Launching mavenrun-8f506ec1-bec6-4bf1-b154-162ab2fd79fb] INFO  o.eclipse.m2e.core.internal.Bundles - 	Entry: E:\eclipse\plugins\org.apache.commons.commons-codec_1.16.0.jar
2025-03-10 15:38:58,286 [Worker-3: Launching mavenrun-8f506ec1-bec6-4bf1-b154-162ab2fd79fb] INFO  o.eclipse.m2e.core.internal.Bundles - getClasspathEntries(Bundle=com.google.guava.failureaccess_1.0.2 [17])
2025-03-10 15:38:58,286 [Worker-3: Launching mavenrun-8f506ec1-bec6-4bf1-b154-162ab2fd79fb] INFO  o.eclipse.m2e.core.internal.Bundles - 	Entry: E:\eclipse\plugins\com.google.guava.failureaccess_1.0.2.jar
2025-03-10 15:38:58,293 [Worker-3: Launching mavenrun-8f506ec1-bec6-4bf1-b154-162ab2fd79fb] INFO  o.e.m.i.launch.MavenLaunchDelegate - Run build in "C:\Users\jenas\AppData\Local\Temp\m2e-archetypeGenerator2928246379379404367":
2025-03-10 15:38:58,301 [Worker-3: Launching mavenrun-8f506ec1-bec6-4bf1-b154-162ab2fd79fb] INFO  o.e.m.i.launch.MavenLaunchDelegate -  mvn  -DarchetypeGroupId=org.apache.maven.archetypes -DarchetypeArtifactId=maven-archetype-webapp -DarchetypeVersion=1.5 -DgroupId=DemoApplication -DartifactId=com.DemoApplication -Dversion=0.0.1-SNAPSHOT -Dpackage=DemoApplication.com.DemoApplication -DoutputDirectory=E:\Projects\SERVLET -Dstyle.color=always -U archetype:generate
2025-03-10 16:13:40,958 [Worker-31: Launching mavenrun-cdb818bf-c877-4681-a269-412ef1b11266] INFO  o.eclipse.m2e.core.internal.Bundles - getClasspathEntries(Bundle=org.eclipse.m2e.maven.runtime_3.9.900.20240824-1409 [641])
2025-03-10 16:13:40,963 [Worker-31: Launching mavenrun-cdb818bf-c877-4681-a269-412ef1b11266] INFO  o.eclipse.m2e.core.internal.Bundles - 	Entry: E:\eclipse\plugins\org.eclipse.m2e.maven.runtime_3.9.900.20240824-1409
2025-03-10 16:13:40,964 [Worker-31: Launching mavenrun-cdb818bf-c877-4681-a269-412ef1b11266] INFO  o.eclipse.m2e.core.internal.Bundles - 	Entry: E:\eclipse\plugins\org.eclipse.m2e.maven.runtime_3.9.900.20240824-1409\jars\aopalliance-1.0.jar
2025-03-10 16:13:40,965 [Worker-31: Launching mavenrun-cdb818bf-c877-4681-a269-412ef1b11266] INFO  o.eclipse.m2e.core.internal.Bundles - 	Entry: E:\eclipse\plugins\org.eclipse.m2e.maven.runtime_3.9.900.20240824-1409\jars\guice-5.1.0.jar
2025-03-10 16:13:40,965 [Worker-31: Launching mavenrun-cdb818bf-c877-4681-a269-412ef1b11266] INFO  o.eclipse.m2e.core.internal.Bundles - 	Entry: E:\eclipse\plugins\org.eclipse.m2e.maven.runtime_3.9.900.20240824-1409\jars\httpclient-4.5.14.jar
2025-03-10 16:13:40,965 [Worker-31: Launching mavenrun-cdb818bf-c877-4681-a269-412ef1b11266] INFO  o.eclipse.m2e.core.internal.Bundles - 	Entry: E:\eclipse\plugins\org.eclipse.m2e.maven.runtime_3.9.900.20240824-1409\jars\httpcore-4.4.16.jar
2025-03-10 16:13:40,965 [Worker-31: Launching mavenrun-cdb818bf-c877-4681-a269-412ef1b11266] INFO  o.eclipse.m2e.core.internal.Bundles - 	Entry: E:\eclipse\plugins\org.eclipse.m2e.maven.runtime_3.9.900.20240824-1409\jars\jansi-2.4.1.jar
2025-03-10 16:13:40,965 [Worker-31: Launching mavenrun-cdb818bf-c877-4681-a269-412ef1b11266] INFO  o.eclipse.m2e.core.internal.Bundles - 	Entry: E:\eclipse\plugins\org.eclipse.m2e.maven.runtime_3.9.900.20240824-1409\jars\jcl-over-slf4j-1.7.36.jar
2025-03-10 16:13:40,965 [Worker-31: Launching mavenrun-cdb818bf-c877-4681-a269-412ef1b11266] INFO  o.eclipse.m2e.core.internal.Bundles - 	Entry: E:\eclipse\plugins\org.eclipse.m2e.maven.runtime_3.9.900.20240824-1409\jars\maven-artifact-3.9.9.jar
2025-03-10 16:13:40,966 [Worker-31: Launching mavenrun-cdb818bf-c877-4681-a269-412ef1b11266] INFO  o.eclipse.m2e.core.internal.Bundles - 	Entry: E:\eclipse\plugins\org.eclipse.m2e.maven.runtime_3.9.900.20240824-1409\jars\maven-builder-support-3.9.9.jar
2025-03-10 16:13:40,966 [Worker-31: Launching mavenrun-cdb818bf-c877-4681-a269-412ef1b11266] INFO  o.eclipse.m2e.core.internal.Bundles - 	Entry: E:\eclipse\plugins\org.eclipse.m2e.maven.runtime_3.9.900.20240824-1409\jars\maven-compat-3.9.9.jar
2025-03-10 16:13:40,966 [Worker-31: Launching mavenrun-cdb818bf-c877-4681-a269-412ef1b11266] INFO  o.eclipse.m2e.core.internal.Bundles - 	Entry: E:\eclipse\plugins\org.eclipse.m2e.maven.runtime_3.9.900.20240824-1409\jars\maven-core-3.9.9.jar
2025-03-10 16:13:40,966 [Worker-31: Launching mavenrun-cdb818bf-c877-4681-a269-412ef1b11266] INFO  o.eclipse.m2e.core.internal.Bundles - 	Entry: E:\eclipse\plugins\org.eclipse.m2e.maven.runtime_3.9.900.20240824-1409\jars\maven-embedder-3.9.9.jar
2025-03-10 16:13:40,966 [Worker-31: Launching mavenrun-cdb818bf-c877-4681-a269-412ef1b11266] INFO  o.eclipse.m2e.core.internal.Bundles - 	Entry: E:\eclipse\plugins\org.eclipse.m2e.maven.runtime_3.9.900.20240824-1409\jars\maven-model-3.9.9.jar
2025-03-10 16:13:40,966 [Worker-31: Launching mavenrun-cdb818bf-c877-4681-a269-412ef1b11266] INFO  o.eclipse.m2e.core.internal.Bundles - 	Entry: E:\eclipse\plugins\org.eclipse.m2e.maven.runtime_3.9.900.20240824-1409\jars\maven-model-builder-3.9.9.jar
2025-03-10 16:13:40,966 [Worker-31: Launching mavenrun-cdb818bf-c877-4681-a269-412ef1b11266] INFO  o.eclipse.m2e.core.internal.Bundles - 	Entry: E:\eclipse\plugins\org.eclipse.m2e.maven.runtime_3.9.900.20240824-1409\jars\maven-plugin-api-3.9.9.jar
2025-03-10 16:13:40,967 [Worker-31: Launching mavenrun-cdb818bf-c877-4681-a269-412ef1b11266] INFO  o.eclipse.m2e.core.internal.Bundles - 	Entry: E:\eclipse\plugins\org.eclipse.m2e.maven.runtime_3.9.900.20240824-1409\jars\maven-repository-metadata-3.9.9.jar
2025-03-10 16:13:40,967 [Worker-31: Launching mavenrun-cdb818bf-c877-4681-a269-412ef1b11266] INFO  o.eclipse.m2e.core.internal.Bundles - 	Entry: E:\eclipse\plugins\org.eclipse.m2e.maven.runtime_3.9.900.20240824-1409\jars\maven-resolver-api-1.9.22.jar
2025-03-10 16:13:40,967 [Worker-31: Launching mavenrun-cdb818bf-c877-4681-a269-412ef1b11266] INFO  o.eclipse.m2e.core.internal.Bundles - 	Entry: E:\eclipse\plugins\org.eclipse.m2e.maven.runtime_3.9.900.20240824-1409\jars\maven-resolver-connector-basic-1.9.22.jar
2025-03-10 16:13:40,967 [Worker-31: Launching mavenrun-cdb818bf-c877-4681-a269-412ef1b11266] INFO  o.eclipse.m2e.core.internal.Bundles - 	Entry: E:\eclipse\plugins\org.eclipse.m2e.maven.runtime_3.9.900.20240824-1409\jars\maven-resolver-impl-1.9.22.jar
2025-03-10 16:13:40,967 [Worker-31: Launching mavenrun-cdb818bf-c877-4681-a269-412ef1b11266] INFO  o.eclipse.m2e.core.internal.Bundles - 	Entry: E:\eclipse\plugins\org.eclipse.m2e.maven.runtime_3.9.900.20240824-1409\jars\maven-resolver-named-locks-1.9.22.jar
2025-03-10 16:13:40,967 [Worker-31: Launching mavenrun-cdb818bf-c877-4681-a269-412ef1b11266] INFO  o.eclipse.m2e.core.internal.Bundles - 	Entry: E:\eclipse\plugins\org.eclipse.m2e.maven.runtime_3.9.900.20240824-1409\jars\maven-resolver-provider-3.9.9.jar
2025-03-10 16:13:40,967 [Worker-31: Launching mavenrun-cdb818bf-c877-4681-a269-412ef1b11266] INFO  o.eclipse.m2e.core.internal.Bundles - 	Entry: E:\eclipse\plugins\org.eclipse.m2e.maven.runtime_3.9.900.20240824-1409\jars\maven-resolver-spi-1.9.22.jar
2025-03-10 16:13:40,967 [Worker-31: Launching mavenrun-cdb818bf-c877-4681-a269-412ef1b11266] INFO  o.eclipse.m2e.core.internal.Bundles - 	Entry: E:\eclipse\plugins\org.eclipse.m2e.maven.runtime_3.9.900.20240824-1409\jars\maven-resolver-transport-file-1.9.22.jar
2025-03-10 16:13:40,968 [Worker-31: Launching mavenrun-cdb818bf-c877-4681-a269-412ef1b11266] INFO  o.eclipse.m2e.core.internal.Bundles - 	Entry: E:\eclipse\plugins\org.eclipse.m2e.maven.runtime_3.9.900.20240824-1409\jars\maven-resolver-transport-http-1.9.22.jar
2025-03-10 16:13:40,968 [Worker-31: Launching mavenrun-cdb818bf-c877-4681-a269-412ef1b11266] INFO  o.eclipse.m2e.core.internal.Bundles - 	Entry: E:\eclipse\plugins\org.eclipse.m2e.maven.runtime_3.9.900.20240824-1409\jars\maven-resolver-transport-wagon-1.9.22.jar
2025-03-10 16:13:40,968 [Worker-31: Launching mavenrun-cdb818bf-c877-4681-a269-412ef1b11266] INFO  o.eclipse.m2e.core.internal.Bundles - 	Entry: E:\eclipse\plugins\org.eclipse.m2e.maven.runtime_3.9.900.20240824-1409\jars\maven-resolver-util-1.9.22.jar
2025-03-10 16:13:40,968 [Worker-31: Launching mavenrun-cdb818bf-c877-4681-a269-412ef1b11266] INFO  o.eclipse.m2e.core.internal.Bundles - 	Entry: E:\eclipse\plugins\org.eclipse.m2e.maven.runtime_3.9.900.20240824-1409\jars\maven-settings-3.9.9.jar
2025-03-10 16:13:40,968 [Worker-31: Launching mavenrun-cdb818bf-c877-4681-a269-412ef1b11266] INFO  o.eclipse.m2e.core.internal.Bundles - 	Entry: E:\eclipse\plugins\org.eclipse.m2e.maven.runtime_3.9.900.20240824-1409\jars\maven-settings-builder-3.9.9.jar
2025-03-10 16:13:40,968 [Worker-31: Launching mavenrun-cdb818bf-c877-4681-a269-412ef1b11266] INFO  o.eclipse.m2e.core.internal.Bundles - 	Entry: E:\eclipse\plugins\org.eclipse.m2e.maven.runtime_3.9.900.20240824-1409\jars\maven-shared-utils-3.4.2.jar
2025-03-10 16:13:40,968 [Worker-31: Launching mavenrun-cdb818bf-c877-4681-a269-412ef1b11266] INFO  o.eclipse.m2e.core.internal.Bundles - 	Entry: E:\eclipse\plugins\org.eclipse.m2e.maven.runtime_3.9.900.20240824-1409\jars\org.eclipse.sisu.inject-0.9.0.M3.jar
2025-03-10 16:13:40,968 [Worker-31: Launching mavenrun-cdb818bf-c877-4681-a269-412ef1b11266] INFO  o.eclipse.m2e.core.internal.Bundles - 	Entry: E:\eclipse\plugins\org.eclipse.m2e.maven.runtime_3.9.900.20240824-1409\jars\org.eclipse.sisu.plexus-0.9.0.M3.jar
2025-03-10 16:13:40,968 [Worker-31: Launching mavenrun-cdb818bf-c877-4681-a269-412ef1b11266] INFO  o.eclipse.m2e.core.internal.Bundles - 	Entry: E:\eclipse\plugins\org.eclipse.m2e.maven.runtime_3.9.900.20240824-1409\jars\plexus-build-api-0.0.7.jar
2025-03-10 16:13:40,969 [Worker-31: Launching mavenrun-cdb818bf-c877-4681-a269-412ef1b11266] INFO  o.eclipse.m2e.core.internal.Bundles - 	Entry: E:\eclipse\plugins\org.eclipse.m2e.maven.runtime_3.9.900.20240824-1409\jars\plexus-build-api-1.2.0.jar
2025-03-10 16:13:40,969 [Worker-31: Launching mavenrun-cdb818bf-c877-4681-a269-412ef1b11266] INFO  o.eclipse.m2e.core.internal.Bundles - 	Entry: E:\eclipse\plugins\org.eclipse.m2e.maven.runtime_3.9.900.20240824-1409\jars\plexus-cipher-2.0.jar
2025-03-10 16:13:40,969 [Worker-31: Launching mavenrun-cdb818bf-c877-4681-a269-412ef1b11266] INFO  o.eclipse.m2e.core.internal.Bundles - 	Entry: E:\eclipse\plugins\org.eclipse.m2e.maven.runtime_3.9.900.20240824-1409\jars\plexus-classworlds-2.8.0.jar
2025-03-10 16:13:40,969 [Worker-31: Launching mavenrun-cdb818bf-c877-4681-a269-412ef1b11266] INFO  o.eclipse.m2e.core.internal.Bundles - 	Entry: E:\eclipse\plugins\org.eclipse.m2e.maven.runtime_3.9.900.20240824-1409\jars\plexus-component-annotations-2.1.0.jar
2025-03-10 16:13:40,969 [Worker-31: Launching mavenrun-cdb818bf-c877-4681-a269-412ef1b11266] INFO  o.eclipse.m2e.core.internal.Bundles - 	Entry: E:\eclipse\plugins\org.eclipse.m2e.maven.runtime_3.9.900.20240824-1409\jars\plexus-interpolation-1.27.jar
2025-03-10 16:13:40,970 [Worker-31: Launching mavenrun-cdb818bf-c877-4681-a269-412ef1b11266] INFO  o.eclipse.m2e.core.internal.Bundles - 	Entry: E:\eclipse\plugins\org.eclipse.m2e.maven.runtime_3.9.900.20240824-1409\jars\plexus-sec-dispatcher-2.0.jar
2025-03-10 16:13:40,970 [Worker-31: Launching mavenrun-cdb818bf-c877-4681-a269-412ef1b11266] INFO  o.eclipse.m2e.core.internal.Bundles - 	Entry: E:\eclipse\plugins\org.eclipse.m2e.maven.runtime_3.9.900.20240824-1409\jars\plexus-utils-3.5.1.jar
2025-03-10 16:13:40,970 [Worker-31: Launching mavenrun-cdb818bf-c877-4681-a269-412ef1b11266] INFO  o.eclipse.m2e.core.internal.Bundles - 	Entry: E:\eclipse\plugins\org.eclipse.m2e.maven.runtime_3.9.900.20240824-1409\jars\plexus-xml-3.0.1.jar
2025-03-10 16:13:40,970 [Worker-31: Launching mavenrun-cdb818bf-c877-4681-a269-412ef1b11266] INFO  o.eclipse.m2e.core.internal.Bundles - 	Entry: E:\eclipse\plugins\org.eclipse.m2e.maven.runtime_3.9.900.20240824-1409\jars\wagon-file-3.5.3.jar
2025-03-10 16:13:40,970 [Worker-31: Launching mavenrun-cdb818bf-c877-4681-a269-412ef1b11266] INFO  o.eclipse.m2e.core.internal.Bundles - 	Entry: E:\eclipse\plugins\org.eclipse.m2e.maven.runtime_3.9.900.20240824-1409\jars\wagon-http-3.5.3.jar
2025-03-10 16:13:40,970 [Worker-31: Launching mavenrun-cdb818bf-c877-4681-a269-412ef1b11266] INFO  o.eclipse.m2e.core.internal.Bundles - 	Entry: E:\eclipse\plugins\org.eclipse.m2e.maven.runtime_3.9.900.20240824-1409\jars\wagon-http-shared-3.5.3.jar
2025-03-10 16:13:40,970 [Worker-31: Launching mavenrun-cdb818bf-c877-4681-a269-412ef1b11266] INFO  o.eclipse.m2e.core.internal.Bundles - 	Entry: E:\eclipse\plugins\org.eclipse.m2e.maven.runtime_3.9.900.20240824-1409\jars\wagon-provider-api-3.5.3.jar
2025-03-10 16:13:40,971 [Worker-31: Launching mavenrun-cdb818bf-c877-4681-a269-412ef1b11266] INFO  o.eclipse.m2e.core.internal.Bundles - getClasspathEntries(Bundle=com.google.guava_33.3.1.jre [16])
2025-03-10 16:13:40,972 [Worker-31: Launching mavenrun-cdb818bf-c877-4681-a269-412ef1b11266] INFO  o.eclipse.m2e.core.internal.Bundles - 	Entry: E:\eclipse\plugins\com.google.guava_33.3.1.jre.jar
2025-03-10 16:13:40,972 [Worker-31: Launching mavenrun-cdb818bf-c877-4681-a269-412ef1b11266] INFO  o.eclipse.m2e.core.internal.Bundles - getClasspathEntries(Bundle=slf4j.api_2.0.16 [1008])
2025-03-10 16:13:40,973 [Worker-31: Launching mavenrun-cdb818bf-c877-4681-a269-412ef1b11266] INFO  o.eclipse.m2e.core.internal.Bundles - 	Entry: E:\eclipse\plugins\slf4j.api_2.0.16.jar
2025-03-10 16:13:40,974 [Worker-31: Launching mavenrun-cdb818bf-c877-4681-a269-412ef1b11266] INFO  o.eclipse.m2e.core.internal.Bundles - getClasspathEntries(Bundle=jakarta.inject.jakarta.inject-api_1.0.5 [34])
2025-03-10 16:13:40,974 [Worker-31: Launching mavenrun-cdb818bf-c877-4681-a269-412ef1b11266] INFO  o.eclipse.m2e.core.internal.Bundles - 	Entry: E:\eclipse\plugins\jakarta.inject.jakarta.inject-api_1.0.5.jar
2025-03-10 16:13:40,975 [Worker-31: Launching mavenrun-cdb818bf-c877-4681-a269-412ef1b11266] INFO  o.eclipse.m2e.core.internal.Bundles - getClasspathEntries(Bundle=jakarta.annotation-api_1.3.5 [29])
2025-03-10 16:13:40,975 [Worker-31: Launching mavenrun-cdb818bf-c877-4681-a269-412ef1b11266] INFO  o.eclipse.m2e.core.internal.Bundles - 	Entry: E:\eclipse\plugins\jakarta.annotation-api_1.3.5.jar
2025-03-10 16:13:40,975 [Worker-31: Launching mavenrun-cdb818bf-c877-4681-a269-412ef1b11266] INFO  o.eclipse.m2e.core.internal.Bundles - getClasspathEntries(Bundle=org.apache.commons.cli_1.9.0 [75])
2025-03-10 16:13:40,976 [Worker-31: Launching mavenrun-cdb818bf-c877-4681-a269-412ef1b11266] INFO  o.eclipse.m2e.core.internal.Bundles - 	Entry: E:\eclipse\plugins\org.apache.commons.cli_1.9.0.jar
2025-03-10 16:13:40,976 [Worker-31: Launching mavenrun-cdb818bf-c877-4681-a269-412ef1b11266] INFO  o.eclipse.m2e.core.internal.Bundles - getClasspathEntries(Bundle=org.apache.commons.commons-codec_1.16.0 [78])
2025-03-10 16:13:40,977 [Worker-31: Launching mavenrun-cdb818bf-c877-4681-a269-412ef1b11266] INFO  o.eclipse.m2e.core.internal.Bundles - 	Entry: E:\eclipse\plugins\org.apache.commons.commons-codec_1.16.0.jar
2025-03-10 16:13:40,977 [Worker-31: Launching mavenrun-cdb818bf-c877-4681-a269-412ef1b11266] INFO  o.eclipse.m2e.core.internal.Bundles - getClasspathEntries(Bundle=com.google.guava.failureaccess_1.0.2 [17])
2025-03-10 16:13:40,978 [Worker-31: Launching mavenrun-cdb818bf-c877-4681-a269-412ef1b11266] INFO  o.eclipse.m2e.core.internal.Bundles - 	Entry: E:\eclipse\plugins\com.google.guava.failureaccess_1.0.2.jar
2025-03-10 16:13:40,980 [Worker-31: Launching mavenrun-cdb818bf-c877-4681-a269-412ef1b11266] INFO  o.e.m.i.launch.MavenLaunchDelegate - Run build in "C:\Users\jenas\AppData\Local\Temp\m2e-archetypeGenerator475243605891240335":
2025-03-10 16:13:40,981 [Worker-31: Launching mavenrun-cdb818bf-c877-4681-a269-412ef1b11266] INFO  o.e.m.i.launch.MavenLaunchDelegate -  mvn  -DarchetypeGroupId=org.apache.maven.archetypes -DarchetypeArtifactId=maven-archetype-webapp -DarchetypeVersion=1.0 -DgroupId=DemoApplication -DartifactId=com.demo -Dversion=0.0.1-SNAPSHOT -Dpackage=DemoApplication.com.demo -DoutputDirectory=E:\Projects\SERVLET -Dstyle.color=always -U archetype:generate
